[38;5;0m[HTTP][0m [37m-->[39m [37mPOST[39m [37m/session[39m
[38;5;0m[HTTP][0m [90m{"capabilities":{"alwaysMatch":{"platformName":"Android","appium:deviceName":"Pixel 5","appium:platformVersion":"12","appium:automationName":"UIAutomator2","appium:app":"/Users/pravinkumar_v/Documents/WebdriverIO-appium/.vscode/app/android/ApiDemos-debug.apk"},"firstMatch":[{}]},"desiredCapabilities":{"platformName":"Android","appium:deviceName":"Pixel 5","appium:platformVersion":"12","appium:automationName":"UIAutomator2","appium:app":"/Users/pravinkumar_v/Documents/WebdriverIO-appium/.vscode/app/android/ApiDemos-debug.apk"}}[39m
[38;5;16m[AppiumDriver@0484][0m Calling AppiumDriver.createSession() with args: [{"platformName":"Android","appium:deviceName":"Pixel 5","appium:platformVersion":"12","appium:automationName":"UIAutomator2","appium:app":"/Users/pravinkumar_v/Documents/WebdriverIO-appium/.vscode/app/android/ApiDemos-debug.apk"},null,{"alwaysMatch":{"platformName":"Android","appium:deviceName":"Pixel 5","appium:platformVersion":"12","appium:automationName":"UIAutomator2","appium:app":"/Users/pravinkumar_v/Documents/WebdriverIO-appium/.vscode/app/android/ApiDemos-debug.apk"},"firstMatch":[{}]}]
[38;5;16m[AppiumDriver@0484][0m Event 'newSessionRequested' logged at 1706620347306 (18:42:27 GMT+0530 (India Standard Time))
[35m[Appium][39m Attempting to find matching driver for automationName 'UIAutomator2' and platformName 'Android'
[35m[Appium][39m The 'uiautomator2' driver was installed and matched caps.
[35m[Appium][39m Will require it at /Users/pravinkumar_v/Documents/WebdriverIO-appium/node_modules/appium-uiautomator2-driver
[35m[Appium][39m Requiring driver at /Users/pravinkumar_v/Documents/WebdriverIO-appium/node_modules/appium-uiautomator2-driver
[38;5;16m[AppiumDriver@0484][0m Appium v2.2.3 creating new AndroidUiautomator2Driver (v2.34.2) session
[38;5;16m[AppiumDriver@0484][0m Checking BaseDriver versions for Appium and AndroidUiautomator2Driver
[38;5;16m[AppiumDriver@0484][0m Appium's BaseDriver version is 9.4.3
[38;5;16m[AppiumDriver@0484][0m AndroidUiautomator2Driver's BaseDriver version is 9.4.2
[38;5;32m[AndroidUiautomator2Driver@0cc3][0m Creating session with W3C capabilities: {
[38;5;32m[AndroidUiautomator2Driver@0cc3][0m   "alwaysMatch": {
[38;5;32m[AndroidUiautomator2Driver@0cc3][0m     "platformName": "Android",
[38;5;32m[AndroidUiautomator2Driver@0cc3][0m     "appium:deviceName": "Pixel 5",
[38;5;32m[AndroidUiautomator2Driver@0cc3][0m     "appium:platformVersion": "12",
[38;5;32m[AndroidUiautomator2Driver@0cc3][0m     "appium:automationName": "UIAutomator2",
[38;5;32m[AndroidUiautomator2Driver@0cc3][0m     "appium:app": "/Users/pravinkumar_v/Documents/WebdriverIO-appium/.vscode/app/android/ApiDemos-debug.apk"
[38;5;32m[AndroidUiautomator2Driver@0cc3][0m   },
[38;5;32m[AndroidUiautomator2Driver@0cc3][0m   "firstMatch": [
[38;5;32m[AndroidUiautomator2Driver@0cc3][0m     {}
[38;5;32m[AndroidUiautomator2Driver@0cc3][0m   ]
[38;5;32m[AndroidUiautomator2Driver@0cc3][0m }
[38;5;32m[AndroidUiautomator2Driver@0cc3 (94b1d37e)][0m Session created with session id: 94b1d37e-1895-4657-b74c-3054a9adf9bf
[38;5;48m[BaseDriver][0m Using local app '/Users/pravinkumar_v/Documents/WebdriverIO-appium/.vscode/app/android/ApiDemos-debug.apk'
[38;5;32m[AndroidUiautomator2Driver@0cc3 (94b1d37e)][0m Checking whether app is actually present
[38;5;64m[ADB][0m Found 3 'build-tools' folders under '/Users/pravinkumar_v/Library/Android/sdk' (newest first):
[38;5;64m[ADB][0m     /Users/pravinkumar_v/Library/Android/sdk/build-tools/32.1.0-rc1
[38;5;64m[ADB][0m     /Users/pravinkumar_v/Library/Android/sdk/build-tools/32.0.0
[38;5;64m[ADB][0m     /Users/pravinkumar_v/Library/Android/sdk/build-tools/30.0.3
[38;5;64m[ADB][0m Using 'adb' from '/Users/pravinkumar_v/Library/Android/sdk/platform-tools/adb'
[38;5;64m[ADB][0m Running '/Users/pravinkumar_v/Library/Android/sdk/platform-tools/adb -P 5037 start-server'
[38;5;80m[AndroidDriver][0m Retrieving device list
[38;5;64m[ADB][0m Trying to find connected Android devices
[38;5;64m[ADB][0m Getting connected devices
[38;5;64m[ADB][0m Connected devices: [{"udid":"emulator-5554","state":"device"}]
[38;5;80m[AndroidDriver][0m Looking for a device with Android '12.0.0'
[38;5;64m[ADB][0m Setting device id to emulator-5554
[38;5;64m[ADB][0m Getting device platform version
[38;5;64m[ADB][0m Running '/Users/pravinkumar_v/Library/Android/sdk/platform-tools/adb -P 5037 -s emulator-5554 shell getprop ro.build.version.release'
[38;5;32m[AndroidUiautomator2Driver@0cc3 (94b1d37e)][0m Deleting UiAutomator2 session
[38;5;32m[AndroidUiautomator2Driver@0cc3 (94b1d37e)][0m Unable to stop ChromeDriver proxies: Cannot read properties of undefined (reading 'proxyReqRes')
[38;5;16m[AppiumDriver@0484][0m Event 'newSessionStarted' logged at 1706620383921 (18:43:03 GMT+0530 (India Standard Time))
[38;5;16m[AppiumDriver@0484][0m Encountered internal error running command: Error: Error getting device platform version. Original error: Error executing adbExec. Original error: 'Command '/Users/pravinkumar_v/Library/Android/sdk/platform-tools/adb -P 5037 -s emulator-5554 shell getprop ro.build.version.release' timed out after 20000ms'. Try to increase the 20000ms adb execution timeout represented by 'adbExecTimeout' capability
[38;5;16m[AppiumDriver@0484][0m     at ADB.getPlatformVersion (/Users/pravinkumar_v/Documents/WebdriverIO-appium/node_modules/appium-uiautomator2-driver/node_modules/appium-adb/lib/tools/adb-commands.js:188:11)
[38;5;16m[AppiumDriver@0484][0m     at Object.getDeviceInfoFromCaps (/Users/pravinkumar_v/Documents/WebdriverIO-appium/node_modules/appium-uiautomator2-driver/node_modules/appium-android-driver/lib/helpers/android.ts:403:31)
[38;5;16m[AppiumDriver@0484][0m     at AndroidUiautomator2Driver.startUiAutomator2Session (/Users/pravinkumar_v/Documents/WebdriverIO-appium/node_modules/appium-uiautomator2-driver/lib/driver.ts:424:28)
[38;5;16m[AppiumDriver@0484][0m     at AndroidUiautomator2Driver.createSession (/Users/pravinkumar_v/Documents/WebdriverIO-appium/node_modules/appium-uiautomator2-driver/lib/driver.ts:298:22)
[38;5;16m[AppiumDriver@0484][0m     at AppiumDriver.createSession (/Users/pravinkumar_v/Documents/WebdriverIO-appium/node_modules/appium/lib/appium.js:375:35)
[38;5;0m[HTTP][0m [37m<-- POST /session [39m[31m500[39m [90m36704 ms - 1228[39m
[38;5;0m[HTTP][0m [90m[39m
[38;5;0m[HTTP][0m [37m-->[39m [37mPOST[39m [37m/session[39m
[38;5;0m[HTTP][0m [90m{"capabilities":{"alwaysMatch":{"platformName":"Android","appium:deviceName":"Pixel 5","appium:platformVersion":"12","appium:automationName":"UIAutomator2","appium:app":"/Users/pravinkumar_v/Documents/WebdriverIO-appium/.vscode/app/android/ApiDemos-debug.apk"},"firstMatch":[{}]},"desiredCapabilities":{"platformName":"Android","appium:deviceName":"Pixel 5","appium:platformVersion":"12","appium:automationName":"UIAutomator2","appium:app":"/Users/pravinkumar_v/Documents/WebdriverIO-appium/.vscode/app/android/ApiDemos-debug.apk"}}[39m
[38;5;16m[AppiumDriver@0484][0m Calling AppiumDriver.createSession() with args: [{"platformName":"Android","appium:deviceName":"Pixel 5","appium:platformVersion":"12","appium:automationName":"UIAutomator2","appium:app":"/Users/pravinkumar_v/Documents/WebdriverIO-appium/.vscode/app/android/ApiDemos-debug.apk"},null,{"alwaysMatch":{"platformName":"Android","appium:deviceName":"Pixel 5","appium:platformVersion":"12","appium:automationName":"UIAutomator2","appium:app":"/Users/pravinkumar_v/Documents/WebdriverIO-appium/.vscode/app/android/ApiDemos-debug.apk"},"firstMatch":[{}]}]
[38;5;16m[AppiumDriver@0484][0m Event 'newSessionRequested' logged at 1706620384130 (18:43:04 GMT+0530 (India Standard Time))
[35m[Appium][39m Attempting to find matching driver for automationName 'UIAutomator2' and platformName 'Android'
[35m[Appium][39m The 'uiautomator2' driver was installed and matched caps.
[35m[Appium][39m Will require it at /Users/pravinkumar_v/Documents/WebdriverIO-appium/node_modules/appium-uiautomator2-driver
[35m[Appium][39m Requiring driver at /Users/pravinkumar_v/Documents/WebdriverIO-appium/node_modules/appium-uiautomator2-driver
[38;5;16m[AppiumDriver@0484][0m Appium v2.2.3 creating new AndroidUiautomator2Driver (v2.34.2) session
[38;5;16m[AppiumDriver@0484][0m Checking BaseDriver versions for Appium and AndroidUiautomator2Driver
[38;5;16m[AppiumDriver@0484][0m Appium's BaseDriver version is 9.4.3
[38;5;16m[AppiumDriver@0484][0m AndroidUiautomator2Driver's BaseDriver version is 9.4.2
[38;5;32m[AndroidUiautomator2Driver@f1e4][0m Creating session with W3C capabilities: {
[38;5;32m[AndroidUiautomator2Driver@f1e4][0m   "alwaysMatch": {
[38;5;32m[AndroidUiautomator2Driver@f1e4][0m     "platformName": "Android",
[38;5;32m[AndroidUiautomator2Driver@f1e4][0m     "appium:deviceName": "Pixel 5",
[38;5;32m[AndroidUiautomator2Driver@f1e4][0m     "appium:platformVersion": "12",
[38;5;32m[AndroidUiautomator2Driver@f1e4][0m     "appium:automationName": "UIAutomator2",
[38;5;32m[AndroidUiautomator2Driver@f1e4][0m     "appium:app": "/Users/pravinkumar_v/Documents/WebdriverIO-appium/.vscode/app/android/ApiDemos-debug.apk"
[38;5;32m[AndroidUiautomator2Driver@f1e4][0m   },
[38;5;32m[AndroidUiautomator2Driver@f1e4][0m   "firstMatch": [
[38;5;32m[AndroidUiautomator2Driver@f1e4][0m     {}
[38;5;32m[AndroidUiautomator2Driver@f1e4][0m   ]
[38;5;32m[AndroidUiautomator2Driver@f1e4][0m }
[38;5;32m[AndroidUiautomator2Driver@f1e4 (1c4415f7)][0m Session created with session id: 1c4415f7-a45f-42db-b938-69af006005b6
[38;5;48m[BaseDriver][0m Using local app '/Users/pravinkumar_v/Documents/WebdriverIO-appium/.vscode/app/android/ApiDemos-debug.apk'
[38;5;32m[AndroidUiautomator2Driver@f1e4 (1c4415f7)][0m Checking whether app is actually present
[38;5;64m[ADB][0m Using 'adb' from '/Users/pravinkumar_v/Library/Android/sdk/platform-tools/adb'
[38;5;64m[ADB][0m Running '/Users/pravinkumar_v/Library/Android/sdk/platform-tools/adb -P 5037 start-server'
[38;5;80m[AndroidDriver][0m Retrieving device list
[38;5;64m[ADB][0m Trying to find connected Android devices
[38;5;64m[ADB][0m Getting connected devices
[38;5;64m[ADB][0m Connected devices: [{"udid":"emulator-5554","state":"device"}]
[38;5;80m[AndroidDriver][0m Looking for a device with Android '12.0.0'
[38;5;64m[ADB][0m Setting device id to emulator-5554
[38;5;64m[ADB][0m Getting device platform version
[38;5;64m[ADB][0m Running '/Users/pravinkumar_v/Library/Android/sdk/platform-tools/adb -P 5037 -s emulator-5554 shell getprop ro.build.version.release'
[38;5;32m[AndroidUiautomator2Driver@f1e4 (1c4415f7)][0m Deleting UiAutomator2 session
[38;5;32m[AndroidUiautomator2Driver@f1e4 (1c4415f7)][0m Unable to stop ChromeDriver proxies: Cannot read properties of undefined (reading 'proxyReqRes')
[38;5;16m[AppiumDriver@0484][0m Event 'newSessionStarted' logged at 1706620420020 (18:43:40 GMT+0530 (India Standard Time))
[38;5;16m[AppiumDriver@0484][0m Encountered internal error running command: Error: Error getting device platform version. Original error: Error executing adbExec. Original error: 'Command '/Users/pravinkumar_v/Library/Android/sdk/platform-tools/adb -P 5037 -s emulator-5554 shell getprop ro.build.version.release' timed out after 20000ms'. Try to increase the 20000ms adb execution timeout represented by 'adbExecTimeout' capability
[38;5;16m[AppiumDriver@0484][0m     at ADB.getPlatformVersion (/Users/pravinkumar_v/Documents/WebdriverIO-appium/node_modules/appium-uiautomator2-driver/node_modules/appium-adb/lib/tools/adb-commands.js:188:11)
[38;5;16m[AppiumDriver@0484][0m     at Object.getDeviceInfoFromCaps (/Users/pravinkumar_v/Documents/WebdriverIO-appium/node_modules/appium-uiautomator2-driver/node_modules/appium-android-driver/lib/helpers/android.ts:403:31)
[38;5;16m[AppiumDriver@0484][0m     at AndroidUiautomator2Driver.startUiAutomator2Session (/Users/pravinkumar_v/Documents/WebdriverIO-appium/node_modules/appium-uiautomator2-driver/lib/driver.ts:424:28)
[38;5;16m[AppiumDriver@0484][0m     at AndroidUiautomator2Driver.createSession (/Users/pravinkumar_v/Documents/WebdriverIO-appium/node_modules/appium-uiautomator2-driver/lib/driver.ts:298:22)
[38;5;16m[AppiumDriver@0484][0m     at AppiumDriver.createSession (/Users/pravinkumar_v/Documents/WebdriverIO-appium/node_modules/appium/lib/appium.js:375:35)
[38;5;0m[HTTP][0m [37m<-- POST /session [39m[31m500[39m [90m35892 ms - 1228[39m
[38;5;0m[HTTP][0m [90m[39m
[38;5;0m[HTTP][0m [37m-->[39m [37mPOST[39m [37m/session[39m
[38;5;0m[HTTP][0m [90m{"capabilities":{"alwaysMatch":{"platformName":"Android","appium:deviceName":"Pixel 5","appium:platformVersion":"12","appium:automationName":"UIAutomator2","appium:app":"/Users/pravinkumar_v/Documents/WebdriverIO-appium/.vscode/app/android/ApiDemos-debug.apk"},"firstMatch":[{}]},"desiredCapabilities":{"platformName":"Android","appium:deviceName":"Pixel 5","appium:platformVersion":"12","appium:automationName":"UIAutomator2","appium:app":"/Users/pravinkumar_v/Documents/WebdriverIO-appium/.vscode/app/android/ApiDemos-debug.apk"}}[39m
[38;5;16m[AppiumDriver@0484][0m Calling AppiumDriver.createSession() with args: [{"platformName":"Android","appium:deviceName":"Pixel 5","appium:platformVersion":"12","appium:automationName":"UIAutomator2","appium:app":"/Users/pravinkumar_v/Documents/WebdriverIO-appium/.vscode/app/android/ApiDemos-debug.apk"},null,{"alwaysMatch":{"platformName":"Android","appium:deviceName":"Pixel 5","appium:platformVersion":"12","appium:automationName":"UIAutomator2","appium:app":"/Users/pravinkumar_v/Documents/WebdriverIO-appium/.vscode/app/android/ApiDemos-debug.apk"},"firstMatch":[{}]}]
[38;5;16m[AppiumDriver@0484][0m Event 'newSessionRequested' logged at 1706620420125 (18:43:40 GMT+0530 (India Standard Time))
[35m[Appium][39m Attempting to find matching driver for automationName 'UIAutomator2' and platformName 'Android'
[35m[Appium][39m The 'uiautomator2' driver was installed and matched caps.
[35m[Appium][39m Will require it at /Users/pravinkumar_v/Documents/WebdriverIO-appium/node_modules/appium-uiautomator2-driver
[35m[Appium][39m Requiring driver at /Users/pravinkumar_v/Documents/WebdriverIO-appium/node_modules/appium-uiautomator2-driver
[38;5;16m[AppiumDriver@0484][0m Appium v2.2.3 creating new AndroidUiautomator2Driver (v2.34.2) session
[38;5;16m[AppiumDriver@0484][0m Checking BaseDriver versions for Appium and AndroidUiautomator2Driver
[38;5;16m[AppiumDriver@0484][0m Appium's BaseDriver version is 9.4.3
[38;5;16m[AppiumDriver@0484][0m AndroidUiautomator2Driver's BaseDriver version is 9.4.2
[38;5;32m[AndroidUiautomator2Driver@254a][0m Creating session with W3C capabilities: {
[38;5;32m[AndroidUiautomator2Driver@254a][0m   "alwaysMatch": {
[38;5;32m[AndroidUiautomator2Driver@254a][0m     "platformName": "Android",
[38;5;32m[AndroidUiautomator2Driver@254a][0m     "appium:deviceName": "Pixel 5",
[38;5;32m[AndroidUiautomator2Driver@254a][0m     "appium:platformVersion": "12",
[38;5;32m[AndroidUiautomator2Driver@254a][0m     "appium:automationName": "UIAutomator2",
[38;5;32m[AndroidUiautomator2Driver@254a][0m     "appium:app": "/Users/pravinkumar_v/Documents/WebdriverIO-appium/.vscode/app/android/ApiDemos-debug.apk"
[38;5;32m[AndroidUiautomator2Driver@254a][0m   },
[38;5;32m[AndroidUiautomator2Driver@254a][0m   "firstMatch": [
[38;5;32m[AndroidUiautomator2Driver@254a][0m     {}
[38;5;32m[AndroidUiautomator2Driver@254a][0m   ]
[38;5;32m[AndroidUiautomator2Driver@254a][0m }
[38;5;32m[AndroidUiautomator2Driver@254a (f56abea5)][0m Session created with session id: f56abea5-de38-40ba-ae25-8e002a0a0418
[38;5;48m[BaseDriver][0m Using local app '/Users/pravinkumar_v/Documents/WebdriverIO-appium/.vscode/app/android/ApiDemos-debug.apk'
[38;5;32m[AndroidUiautomator2Driver@254a (f56abea5)][0m Checking whether app is actually present
[38;5;64m[ADB][0m Using 'adb' from '/Users/pravinkumar_v/Library/Android/sdk/platform-tools/adb'
[38;5;64m[ADB][0m Running '/Users/pravinkumar_v/Library/Android/sdk/platform-tools/adb -P 5037 start-server'
[38;5;80m[AndroidDriver][0m Retrieving device list
[38;5;64m[ADB][0m Trying to find connected Android devices
[38;5;64m[ADB][0m Getting connected devices
[38;5;64m[ADB][0m Connected devices: [{"udid":"emulator-5554","state":"device"}]
[38;5;80m[AndroidDriver][0m Looking for a device with Android '12.0.0'
[38;5;64m[ADB][0m Setting device id to emulator-5554
[38;5;64m[ADB][0m Getting device platform version
[38;5;64m[ADB][0m Running '/Users/pravinkumar_v/Library/Android/sdk/platform-tools/adb -P 5037 -s emulator-5554 shell getprop ro.build.version.release'
[38;5;32m[AndroidUiautomator2Driver@254a (f56abea5)][0m Deleting UiAutomator2 session
[38;5;32m[AndroidUiautomator2Driver@254a (f56abea5)][0m Unable to stop ChromeDriver proxies: Cannot read properties of undefined (reading 'proxyReqRes')
[38;5;16m[AppiumDriver@0484][0m Event 'newSessionStarted' logged at 1706620456153 (18:44:16 GMT+0530 (India Standard Time))
[38;5;16m[AppiumDriver@0484][0m Encountered internal error running command: Error: Error getting device platform version. Original error: Error executing adbExec. Original error: 'Command '/Users/pravinkumar_v/Library/Android/sdk/platform-tools/adb -P 5037 -s emulator-5554 shell getprop ro.build.version.release' timed out after 20000ms'. Try to increase the 20000ms adb execution timeout represented by 'adbExecTimeout' capability
[38;5;16m[AppiumDriver@0484][0m     at ADB.getPlatformVersion (/Users/pravinkumar_v/Documents/WebdriverIO-appium/node_modules/appium-uiautomator2-driver/node_modules/appium-adb/lib/tools/adb-commands.js:188:11)
[38;5;16m[AppiumDriver@0484][0m     at Object.getDeviceInfoFromCaps (/Users/pravinkumar_v/Documents/WebdriverIO-appium/node_modules/appium-uiautomator2-driver/node_modules/appium-android-driver/lib/helpers/android.ts:403:31)
[38;5;16m[AppiumDriver@0484][0m     at AndroidUiautomator2Driver.startUiAutomator2Session (/Users/pravinkumar_v/Documents/WebdriverIO-appium/node_modules/appium-uiautomator2-driver/lib/driver.ts:424:28)
[38;5;16m[AppiumDriver@0484][0m     at AndroidUiautomator2Driver.createSession (/Users/pravinkumar_v/Documents/WebdriverIO-appium/node_modules/appium-uiautomator2-driver/lib/driver.ts:298:22)
[38;5;16m[AppiumDriver@0484][0m     at AppiumDriver.createSession (/Users/pravinkumar_v/Documents/WebdriverIO-appium/node_modules/appium/lib/appium.js:375:35)
[38;5;0m[HTTP][0m [37m<-- POST /session [39m[31m500[39m [90m36033 ms - 1228[39m
[38;5;0m[HTTP][0m [90m[39m
[38;5;0m[HTTP][0m [37m-->[39m [37mPOST[39m [37m/session[39m
[38;5;0m[HTTP][0m [90m{"capabilities":{"alwaysMatch":{"platformName":"Android","appium:deviceName":"Pixel 5","appium:platformVersion":"12","appium:automationName":"UIAutomator2","appium:app":"/Users/pravinkumar_v/Documents/WebdriverIO-appium/.vscode/app/android/ApiDemos-debug.apk"},"firstMatch":[{}]},"desiredCapabilities":{"platformName":"Android","appium:deviceName":"Pixel 5","appium:platformVersion":"12","appium:automationName":"UIAutomator2","appium:app":"/Users/pravinkumar_v/Documents/WebdriverIO-appium/.vscode/app/android/ApiDemos-debug.apk"}}[39m
[38;5;16m[AppiumDriver@0484][0m Calling AppiumDriver.createSession() with args: [{"platformName":"Android","appium:deviceName":"Pixel 5","appium:platformVersion":"12","appium:automationName":"UIAutomator2","appium:app":"/Users/pravinkumar_v/Documents/WebdriverIO-appium/.vscode/app/android/ApiDemos-debug.apk"},null,{"alwaysMatch":{"platformName":"Android","appium:deviceName":"Pixel 5","appium:platformVersion":"12","appium:automationName":"UIAutomator2","appium:app":"/Users/pravinkumar_v/Documents/WebdriverIO-appium/.vscode/app/android/ApiDemos-debug.apk"},"firstMatch":[{}]}]
[38;5;16m[AppiumDriver@0484][0m Event 'newSessionRequested' logged at 1706620456269 (18:44:16 GMT+0530 (India Standard Time))
[35m[Appium][39m Attempting to find matching driver for automationName 'UIAutomator2' and platformName 'Android'
[35m[Appium][39m The 'uiautomator2' driver was installed and matched caps.
[35m[Appium][39m Will require it at /Users/pravinkumar_v/Documents/WebdriverIO-appium/node_modules/appium-uiautomator2-driver
[35m[Appium][39m Requiring driver at /Users/pravinkumar_v/Documents/WebdriverIO-appium/node_modules/appium-uiautomator2-driver
[38;5;16m[AppiumDriver@0484][0m Appium v2.2.3 creating new AndroidUiautomator2Driver (v2.34.2) session
[38;5;16m[AppiumDriver@0484][0m Checking BaseDriver versions for Appium and AndroidUiautomator2Driver
[38;5;16m[AppiumDriver@0484][0m Appium's BaseDriver version is 9.4.3
[38;5;16m[AppiumDriver@0484][0m AndroidUiautomator2Driver's BaseDriver version is 9.4.2
[38;5;32m[AndroidUiautomator2Driver@6d17][0m Creating session with W3C capabilities: {
[38;5;32m[AndroidUiautomator2Driver@6d17][0m   "alwaysMatch": {
[38;5;32m[AndroidUiautomator2Driver@6d17][0m     "platformName": "Android",
[38;5;32m[AndroidUiautomator2Driver@6d17][0m     "appium:deviceName": "Pixel 5",
[38;5;32m[AndroidUiautomator2Driver@6d17][0m     "appium:platformVersion": "12",
[38;5;32m[AndroidUiautomator2Driver@6d17][0m     "appium:automationName": "UIAutomator2",
[38;5;32m[AndroidUiautomator2Driver@6d17][0m     "appium:app": "/Users/pravinkumar_v/Documents/WebdriverIO-appium/.vscode/app/android/ApiDemos-debug.apk"
[38;5;32m[AndroidUiautomator2Driver@6d17][0m   },
[38;5;32m[AndroidUiautomator2Driver@6d17][0m   "firstMatch": [
[38;5;32m[AndroidUiautomator2Driver@6d17][0m     {}
[38;5;32m[AndroidUiautomator2Driver@6d17][0m   ]
[38;5;32m[AndroidUiautomator2Driver@6d17][0m }
[38;5;32m[AndroidUiautomator2Driver@6d17 (3d40ad4d)][0m Session created with session id: 3d40ad4d-0f45-4895-9ef4-a16f00b66cee
[38;5;48m[BaseDriver][0m Using local app '/Users/pravinkumar_v/Documents/WebdriverIO-appium/.vscode/app/android/ApiDemos-debug.apk'
[38;5;32m[AndroidUiautomator2Driver@6d17 (3d40ad4d)][0m Checking whether app is actually present
[38;5;64m[ADB][0m Using 'adb' from '/Users/pravinkumar_v/Library/Android/sdk/platform-tools/adb'
[38;5;64m[ADB][0m Running '/Users/pravinkumar_v/Library/Android/sdk/platform-tools/adb -P 5037 start-server'
[38;5;80m[AndroidDriver][0m Retrieving device list
[38;5;64m[ADB][0m Trying to find connected Android devices
[38;5;64m[ADB][0m Getting connected devices
[38;5;64m[ADB][0m Connected devices: [{"udid":"emulator-5554","state":"device"}]
[38;5;80m[AndroidDriver][0m Looking for a device with Android '12.0.0'
[38;5;64m[ADB][0m Setting device id to emulator-5554
[38;5;64m[ADB][0m Getting device platform version
[38;5;64m[ADB][0m Running '/Users/pravinkumar_v/Library/Android/sdk/platform-tools/adb -P 5037 -s emulator-5554 shell getprop ro.build.version.release'
[38;5;32m[AndroidUiautomator2Driver@6d17 (3d40ad4d)][0m Deleting UiAutomator2 session
[38;5;32m[AndroidUiautomator2Driver@6d17 (3d40ad4d)][0m Unable to stop ChromeDriver proxies: Cannot read properties of undefined (reading 'proxyReqRes')
[38;5;16m[AppiumDriver@0484][0m Event 'newSessionStarted' logged at 1706620492266 (18:44:52 GMT+0530 (India Standard Time))
[38;5;16m[AppiumDriver@0484][0m Encountered internal error running command: Error: Error getting device platform version. Original error: Error executing adbExec. Original error: 'Command '/Users/pravinkumar_v/Library/Android/sdk/platform-tools/adb -P 5037 -s emulator-5554 shell getprop ro.build.version.release' timed out after 20000ms'. Try to increase the 20000ms adb execution timeout represented by 'adbExecTimeout' capability
[38;5;16m[AppiumDriver@0484][0m     at ADB.getPlatformVersion (/Users/pravinkumar_v/Documents/WebdriverIO-appium/node_modules/appium-uiautomator2-driver/node_modules/appium-adb/lib/tools/adb-commands.js:188:11)
[38;5;16m[AppiumDriver@0484][0m     at Object.getDeviceInfoFromCaps (/Users/pravinkumar_v/Documents/WebdriverIO-appium/node_modules/appium-uiautomator2-driver/node_modules/appium-android-driver/lib/helpers/android.ts:403:31)
[38;5;16m[AppiumDriver@0484][0m     at AndroidUiautomator2Driver.startUiAutomator2Session (/Users/pravinkumar_v/Documents/WebdriverIO-appium/node_modules/appium-uiautomator2-driver/lib/driver.ts:424:28)
[38;5;16m[AppiumDriver@0484][0m     at AndroidUiautomator2Driver.createSession (/Users/pravinkumar_v/Documents/WebdriverIO-appium/node_modules/appium-uiautomator2-driver/lib/driver.ts:298:22)
[38;5;16m[AppiumDriver@0484][0m     at AppiumDriver.createSession (/Users/pravinkumar_v/Documents/WebdriverIO-appium/node_modules/appium/lib/appium.js:375:35)
[38;5;0m[HTTP][0m [37m<-- POST /session [39m[31m500[39m [90m35998 ms - 1228[39m
[38;5;0m[HTTP][0m [90m[39m
[38;5;0m[HTTP][0m [37m-->[39m [37mPOST[39m [37m/session[39m
[38;5;0m[HTTP][0m [90m{"capabilities":{"alwaysMatch":{"platformName":"Android","appium:deviceName":"Pixel 5","appium:platformVersion":"12","appium:automationName":"UIAutomator2","appium:app":"/Users/pravinkumar_v/Documents/WebdriverIO-appium/.vscode/app/android/ApiDemos-debug.apk"},"firstMatch":[{}]},"desiredCapabilities":{"platformName":"Android","appium:deviceName":"Pixel 5","appium:platformVersion":"12","appium:automationName":"UIAutomator2","appium:app":"/Users/pravinkumar_v/Documents/WebdriverIO-appium/.vscode/app/android/ApiDemos-debug.apk"}}[39m
[38;5;16m[AppiumDriver@0484][0m Calling AppiumDriver.createSession() with args: [{"platformName":"Android","appium:deviceName":"Pixel 5","appium:platformVersion":"12","appium:automationName":"UIAutomator2","appium:app":"/Users/pravinkumar_v/Documents/WebdriverIO-appium/.vscode/app/android/ApiDemos-debug.apk"},null,{"alwaysMatch":{"platformName":"Android","appium:deviceName":"Pixel 5","appium:platformVersion":"12","appium:automationName":"UIAutomator2","appium:app":"/Users/pravinkumar_v/Documents/WebdriverIO-appium/.vscode/app/android/ApiDemos-debug.apk"},"firstMatch":[{}]}]
[38;5;16m[AppiumDriver@0484][0m Event 'newSessionRequested' logged at 1706620492279 (18:44:52 GMT+0530 (India Standard Time))
[35m[Appium][39m Attempting to find matching driver for automationName 'UIAutomator2' and platformName 'Android'
[35m[Appium][39m The 'uiautomator2' driver was installed and matched caps.
[35m[Appium][39m Will require it at /Users/pravinkumar_v/Documents/WebdriverIO-appium/node_modules/appium-uiautomator2-driver
[35m[Appium][39m Requiring driver at /Users/pravinkumar_v/Documents/WebdriverIO-appium/node_modules/appium-uiautomator2-driver
[38;5;16m[AppiumDriver@0484][0m Appium v2.2.3 creating new AndroidUiautomator2Driver (v2.34.2) session
[38;5;16m[AppiumDriver@0484][0m Checking BaseDriver versions for Appium and AndroidUiautomator2Driver
[38;5;16m[AppiumDriver@0484][0m Appium's BaseDriver version is 9.4.3
[38;5;16m[AppiumDriver@0484][0m AndroidUiautomator2Driver's BaseDriver version is 9.4.2
[38;5;32m[AndroidUiautomator2Driver@d9e2][0m Creating session with W3C capabilities: {
[38;5;32m[AndroidUiautomator2Driver@d9e2][0m   "alwaysMatch": {
[38;5;32m[AndroidUiautomator2Driver@d9e2][0m     "platformName": "Android",
[38;5;32m[AndroidUiautomator2Driver@d9e2][0m     "appium:deviceName": "Pixel 5",
[38;5;32m[AndroidUiautomator2Driver@d9e2][0m     "appium:platformVersion": "12",
[38;5;32m[AndroidUiautomator2Driver@d9e2][0m     "appium:automationName": "UIAutomator2",
[38;5;32m[AndroidUiautomator2Driver@d9e2][0m     "appium:app": "/Users/pravinkumar_v/Documents/WebdriverIO-appium/.vscode/app/android/ApiDemos-debug.apk"
[38;5;32m[AndroidUiautomator2Driver@d9e2][0m   },
[38;5;32m[AndroidUiautomator2Driver@d9e2][0m   "firstMatch": [
[38;5;32m[AndroidUiautomator2Driver@d9e2][0m     {}
[38;5;32m[AndroidUiautomator2Driver@d9e2][0m   ]
[38;5;32m[AndroidUiautomator2Driver@d9e2][0m }
[38;5;32m[AndroidUiautomator2Driver@d9e2 (283860b9)][0m Session created with session id: 283860b9-18ee-4571-bd87-04833190d8a8
[38;5;48m[BaseDriver][0m Using local app '/Users/pravinkumar_v/Documents/WebdriverIO-appium/.vscode/app/android/ApiDemos-debug.apk'
[38;5;32m[AndroidUiautomator2Driver@d9e2 (283860b9)][0m Checking whether app is actually present
[38;5;64m[ADB][0m Using 'adb' from '/Users/pravinkumar_v/Library/Android/sdk/platform-tools/adb'
[38;5;64m[ADB][0m Running '/Users/pravinkumar_v/Library/Android/sdk/platform-tools/adb -P 5037 start-server'
[38;5;80m[AndroidDriver][0m Retrieving device list
[38;5;64m[ADB][0m Trying to find connected Android devices
[38;5;64m[ADB][0m Getting connected devices
[38;5;64m[ADB][0m Connected devices: [{"udid":"emulator-5554","state":"device"}]
[38;5;80m[AndroidDriver][0m Looking for a device with Android '12.0.0'
[38;5;64m[ADB][0m Setting device id to emulator-5554
[38;5;64m[ADB][0m Getting device platform version
[38;5;64m[ADB][0m Running '/Users/pravinkumar_v/Library/Android/sdk/platform-tools/adb -P 5037 -s emulator-5554 shell getprop ro.build.version.release'
[38;5;32m[AndroidUiautomator2Driver@d9e2 (283860b9)][0m Deleting UiAutomator2 session
[38;5;32m[AndroidUiautomator2Driver@d9e2 (283860b9)][0m Unable to stop ChromeDriver proxies: Cannot read properties of undefined (reading 'proxyReqRes')
[38;5;16m[AppiumDriver@0484][0m Event 'newSessionStarted' logged at 1706620528391 (18:45:28 GMT+0530 (India Standard Time))
[38;5;16m[AppiumDriver@0484][0m Encountered internal error running command: Error: Error getting device platform version. Original error: Error executing adbExec. Original error: 'Command '/Users/pravinkumar_v/Library/Android/sdk/platform-tools/adb -P 5037 -s emulator-5554 shell getprop ro.build.version.release' timed out after 20000ms'. Try to increase the 20000ms adb execution timeout represented by 'adbExecTimeout' capability
[38;5;16m[AppiumDriver@0484][0m     at ADB.getPlatformVersion (/Users/pravinkumar_v/Documents/WebdriverIO-appium/node_modules/appium-uiautomator2-driver/node_modules/appium-adb/lib/tools/adb-commands.js:188:11)
[38;5;16m[AppiumDriver@0484][0m     at Object.getDeviceInfoFromCaps (/Users/pravinkumar_v/Documents/WebdriverIO-appium/node_modules/appium-uiautomator2-driver/node_modules/appium-android-driver/lib/helpers/android.ts:403:31)
[38;5;16m[AppiumDriver@0484][0m     at AndroidUiautomator2Driver.startUiAutomator2Session (/Users/pravinkumar_v/Documents/WebdriverIO-appium/node_modules/appium-uiautomator2-driver/lib/driver.ts:424:28)
[38;5;16m[AppiumDriver@0484][0m     at AndroidUiautomator2Driver.createSession (/Users/pravinkumar_v/Documents/WebdriverIO-appium/node_modules/appium-uiautomator2-driver/lib/driver.ts:298:22)
[38;5;16m[AppiumDriver@0484][0m     at AppiumDriver.createSession (/Users/pravinkumar_v/Documents/WebdriverIO-appium/node_modules/appium/lib/appium.js:375:35)
[38;5;0m[HTTP][0m [37m<-- POST /session [39m[31m500[39m [90m36115 ms - 1228[39m
[38;5;0m[HTTP][0m [90m[39m
[38;5;0m[HTTP][0m [37m-->[39m [37mPOST[39m [37m/session[39m
[38;5;0m[HTTP][0m [90m{"capabilities":{"alwaysMatch":{"platformName":"Android","appium:deviceName":"Pixel 5","appium:platformVersion":"12","appium:automationName":"UIAutomator2","appium:app":"/Users/pravinkumar_v/Documents/WebdriverIO-appium/.vscode/app/android/ApiDemos-debug.apk"},"firstMatch":[{}]},"desiredCapabilities":{"platformName":"Android","appium:deviceName":"Pixel 5","appium:platformVersion":"12","appium:automationName":"UIAutomator2","appium:app":"/Users/pravinkumar_v/Documents/WebdriverIO-appium/.vscode/app/android/ApiDemos-debug.apk"}}[39m
[38;5;16m[AppiumDriver@0484][0m Calling AppiumDriver.createSession() with args: [{"platformName":"Android","appium:deviceName":"Pixel 5","appium:platformVersion":"12","appium:automationName":"UIAutomator2","appium:app":"/Users/pravinkumar_v/Documents/WebdriverIO-appium/.vscode/app/android/ApiDemos-debug.apk"},null,{"alwaysMatch":{"platformName":"Android","appium:deviceName":"Pixel 5","appium:platformVersion":"12","appium:automationName":"UIAutomator2","appium:app":"/Users/pravinkumar_v/Documents/WebdriverIO-appium/.vscode/app/android/ApiDemos-debug.apk"},"firstMatch":[{}]}]
[38;5;16m[AppiumDriver@0484][0m Event 'newSessionRequested' logged at 1706620528503 (18:45:28 GMT+0530 (India Standard Time))
[35m[Appium][39m Attempting to find matching driver for automationName 'UIAutomator2' and platformName 'Android'
[35m[Appium][39m The 'uiautomator2' driver was installed and matched caps.
[35m[Appium][39m Will require it at /Users/pravinkumar_v/Documents/WebdriverIO-appium/node_modules/appium-uiautomator2-driver
[35m[Appium][39m Requiring driver at /Users/pravinkumar_v/Documents/WebdriverIO-appium/node_modules/appium-uiautomator2-driver
[38;5;16m[AppiumDriver@0484][0m Appium v2.2.3 creating new AndroidUiautomator2Driver (v2.34.2) session
[38;5;16m[AppiumDriver@0484][0m Checking BaseDriver versions for Appium and AndroidUiautomator2Driver
[38;5;16m[AppiumDriver@0484][0m Appium's BaseDriver version is 9.4.3
[38;5;16m[AppiumDriver@0484][0m AndroidUiautomator2Driver's BaseDriver version is 9.4.2
[38;5;32m[AndroidUiautomator2Driver@5d21][0m Creating session with W3C capabilities: {
[38;5;32m[AndroidUiautomator2Driver@5d21][0m   "alwaysMatch": {
[38;5;32m[AndroidUiautomator2Driver@5d21][0m     "platformName": "Android",
[38;5;32m[AndroidUiautomator2Driver@5d21][0m     "appium:deviceName": "Pixel 5",
[38;5;32m[AndroidUiautomator2Driver@5d21][0m     "appium:platformVersion": "12",
[38;5;32m[AndroidUiautomator2Driver@5d21][0m     "appium:automationName": "UIAutomator2",
[38;5;32m[AndroidUiautomator2Driver@5d21][0m     "appium:app": "/Users/pravinkumar_v/Documents/WebdriverIO-appium/.vscode/app/android/ApiDemos-debug.apk"
[38;5;32m[AndroidUiautomator2Driver@5d21][0m   },
[38;5;32m[AndroidUiautomator2Driver@5d21][0m   "firstMatch": [
[38;5;32m[AndroidUiautomator2Driver@5d21][0m     {}
[38;5;32m[AndroidUiautomator2Driver@5d21][0m   ]
[38;5;32m[AndroidUiautomator2Driver@5d21][0m }
[38;5;32m[AndroidUiautomator2Driver@5d21 (779bd922)][0m Session created with session id: 779bd922-ae97-4cae-ba26-b2a948cf2ae0
[38;5;48m[BaseDriver][0m Using local app '/Users/pravinkumar_v/Documents/WebdriverIO-appium/.vscode/app/android/ApiDemos-debug.apk'
[38;5;32m[AndroidUiautomator2Driver@5d21 (779bd922)][0m Checking whether app is actually present
[38;5;64m[ADB][0m Using 'adb' from '/Users/pravinkumar_v/Library/Android/sdk/platform-tools/adb'
[38;5;64m[ADB][0m Running '/Users/pravinkumar_v/Library/Android/sdk/platform-tools/adb -P 5037 start-server'
[38;5;80m[AndroidDriver][0m Retrieving device list
[38;5;64m[ADB][0m Trying to find connected Android devices
[38;5;64m[ADB][0m Getting connected devices
[38;5;64m[ADB][0m Connected devices: [{"udid":"emulator-5554","state":"device"}]
[38;5;80m[AndroidDriver][0m Looking for a device with Android '12.0.0'
[38;5;64m[ADB][0m Setting device id to emulator-5554
[38;5;64m[ADB][0m Getting device platform version
[38;5;64m[ADB][0m Running '/Users/pravinkumar_v/Library/Android/sdk/platform-tools/adb -P 5037 -s emulator-5554 shell getprop ro.build.version.release'
[38;5;32m[AndroidUiautomator2Driver@5d21 (779bd922)][0m Deleting UiAutomator2 session
[38;5;32m[AndroidUiautomator2Driver@5d21 (779bd922)][0m Unable to stop ChromeDriver proxies: Cannot read properties of undefined (reading 'proxyReqRes')
[38;5;16m[AppiumDriver@0484][0m Event 'newSessionStarted' logged at 1706620564528 (18:46:04 GMT+0530 (India Standard Time))
[38;5;16m[AppiumDriver@0484][0m Encountered internal error running command: Error: Error getting device platform version. Original error: Error executing adbExec. Original error: 'Command '/Users/pravinkumar_v/Library/Android/sdk/platform-tools/adb -P 5037 -s emulator-5554 shell getprop ro.build.version.release' timed out after 20000ms'. Try to increase the 20000ms adb execution timeout represented by 'adbExecTimeout' capability
[38;5;16m[AppiumDriver@0484][0m     at ADB.getPlatformVersion (/Users/pravinkumar_v/Documents/WebdriverIO-appium/node_modules/appium-uiautomator2-driver/node_modules/appium-adb/lib/tools/adb-commands.js:188:11)
[38;5;16m[AppiumDriver@0484][0m     at Object.getDeviceInfoFromCaps (/Users/pravinkumar_v/Documents/WebdriverIO-appium/node_modules/appium-uiautomator2-driver/node_modules/appium-android-driver/lib/helpers/android.ts:403:31)
[38;5;16m[AppiumDriver@0484][0m     at AndroidUiautomator2Driver.startUiAutomator2Session (/Users/pravinkumar_v/Documents/WebdriverIO-appium/node_modules/appium-uiautomator2-driver/lib/driver.ts:424:28)
[38;5;16m[AppiumDriver@0484][0m     at AndroidUiautomator2Driver.createSession (/Users/pravinkumar_v/Documents/WebdriverIO-appium/node_modules/appium-uiautomator2-driver/lib/driver.ts:298:22)
[38;5;16m[AppiumDriver@0484][0m     at AppiumDriver.createSession (/Users/pravinkumar_v/Documents/WebdriverIO-appium/node_modules/appium/lib/appium.js:375:35)
[38;5;0m[HTTP][0m [37m<-- POST /session [39m[31m500[39m [90m36028 ms - 1228[39m
[38;5;0m[HTTP][0m [90m[39m
[38;5;0m[HTTP][0m [37m-->[39m [37mPOST[39m [37m/session[39m
[38;5;0m[HTTP][0m [90m{"capabilities":{"alwaysMatch":{"platformName":"Android","appium:deviceName":"Pixel 5","appium:platformVersion":"12","appium:automationName":"UIAutomator2","appium:app":"/Users/pravinkumar_v/Documents/WebdriverIO-appium/.vscode/app/android/ApiDemos-debug.apk"},"firstMatch":[{}]},"desiredCapabilities":{"platformName":"Android","appium:deviceName":"Pixel 5","appium:platformVersion":"12","appium:automationName":"UIAutomator2","appium:app":"/Users/pravinkumar_v/Documents/WebdriverIO-appium/.vscode/app/android/ApiDemos-debug.apk"}}[39m
[38;5;16m[AppiumDriver@0484][0m Calling AppiumDriver.createSession() with args: [{"platformName":"Android","appium:deviceName":"Pixel 5","appium:platformVersion":"12","appium:automationName":"UIAutomator2","appium:app":"/Users/pravinkumar_v/Documents/WebdriverIO-appium/.vscode/app/android/ApiDemos-debug.apk"},null,{"alwaysMatch":{"platformName":"Android","appium:deviceName":"Pixel 5","appium:platformVersion":"12","appium:automationName":"UIAutomator2","appium:app":"/Users/pravinkumar_v/Documents/WebdriverIO-appium/.vscode/app/android/ApiDemos-debug.apk"},"firstMatch":[{}]}]
[38;5;16m[AppiumDriver@0484][0m Event 'newSessionRequested' logged at 1706620564646 (18:46:04 GMT+0530 (India Standard Time))
[35m[Appium][39m Attempting to find matching driver for automationName 'UIAutomator2' and platformName 'Android'
[35m[Appium][39m The 'uiautomator2' driver was installed and matched caps.
[35m[Appium][39m Will require it at /Users/pravinkumar_v/Documents/WebdriverIO-appium/node_modules/appium-uiautomator2-driver
[35m[Appium][39m Requiring driver at /Users/pravinkumar_v/Documents/WebdriverIO-appium/node_modules/appium-uiautomator2-driver
[38;5;16m[AppiumDriver@0484][0m Appium v2.2.3 creating new AndroidUiautomator2Driver (v2.34.2) session
[38;5;16m[AppiumDriver@0484][0m Checking BaseDriver versions for Appium and AndroidUiautomator2Driver
[38;5;16m[AppiumDriver@0484][0m Appium's BaseDriver version is 9.4.3
[38;5;16m[AppiumDriver@0484][0m AndroidUiautomator2Driver's BaseDriver version is 9.4.2
[38;5;32m[AndroidUiautomator2Driver@127f][0m Creating session with W3C capabilities: {
[38;5;32m[AndroidUiautomator2Driver@127f][0m   "alwaysMatch": {
[38;5;32m[AndroidUiautomator2Driver@127f][0m     "platformName": "Android",
[38;5;32m[AndroidUiautomator2Driver@127f][0m     "appium:deviceName": "Pixel 5",
[38;5;32m[AndroidUiautomator2Driver@127f][0m     "appium:platformVersion": "12",
[38;5;32m[AndroidUiautomator2Driver@127f][0m     "appium:automationName": "UIAutomator2",
[38;5;32m[AndroidUiautomator2Driver@127f][0m     "appium:app": "/Users/pravinkumar_v/Documents/WebdriverIO-appium/.vscode/app/android/ApiDemos-debug.apk"
[38;5;32m[AndroidUiautomator2Driver@127f][0m   },
[38;5;32m[AndroidUiautomator2Driver@127f][0m   "firstMatch": [
[38;5;32m[AndroidUiautomator2Driver@127f][0m     {}
[38;5;32m[AndroidUiautomator2Driver@127f][0m   ]
[38;5;32m[AndroidUiautomator2Driver@127f][0m }
[38;5;32m[AndroidUiautomator2Driver@127f (6df068c6)][0m Session created with session id: 6df068c6-71d2-44a4-8f50-cbf0533e3674
[38;5;48m[BaseDriver][0m Using local app '/Users/pravinkumar_v/Documents/WebdriverIO-appium/.vscode/app/android/ApiDemos-debug.apk'
[38;5;32m[AndroidUiautomator2Driver@127f (6df068c6)][0m Checking whether app is actually present
[38;5;64m[ADB][0m Using 'adb' from '/Users/pravinkumar_v/Library/Android/sdk/platform-tools/adb'
[38;5;64m[ADB][0m Running '/Users/pravinkumar_v/Library/Android/sdk/platform-tools/adb -P 5037 start-server'
[38;5;80m[AndroidDriver][0m Retrieving device list
[38;5;64m[ADB][0m Trying to find connected Android devices
[38;5;64m[ADB][0m Getting connected devices
[38;5;64m[ADB][0m Connected devices: [{"udid":"emulator-5554","state":"device"}]
[38;5;80m[AndroidDriver][0m Looking for a device with Android '12.0.0'
[38;5;64m[ADB][0m Setting device id to emulator-5554
[38;5;64m[ADB][0m Getting device platform version
[38;5;64m[ADB][0m Running '/Users/pravinkumar_v/Library/Android/sdk/platform-tools/adb -P 5037 -s emulator-5554 shell getprop ro.build.version.release'
[38;5;32m[AndroidUiautomator2Driver@127f (6df068c6)][0m Deleting UiAutomator2 session
[38;5;32m[AndroidUiautomator2Driver@127f (6df068c6)][0m Unable to stop ChromeDriver proxies: Cannot read properties of undefined (reading 'proxyReqRes')
[38;5;16m[AppiumDriver@0484][0m Event 'newSessionStarted' logged at 1706620600647 (18:46:40 GMT+0530 (India Standard Time))
[38;5;16m[AppiumDriver@0484][0m Encountered internal error running command: Error: Error getting device platform version. Original error: Error executing adbExec. Original error: 'Command '/Users/pravinkumar_v/Library/Android/sdk/platform-tools/adb -P 5037 -s emulator-5554 shell getprop ro.build.version.release' timed out after 20000ms'. Try to increase the 20000ms adb execution timeout represented by 'adbExecTimeout' capability
[38;5;16m[AppiumDriver@0484][0m     at ADB.getPlatformVersion (/Users/pravinkumar_v/Documents/WebdriverIO-appium/node_modules/appium-uiautomator2-driver/node_modules/appium-adb/lib/tools/adb-commands.js:188:11)
[38;5;16m[AppiumDriver@0484][0m     at Object.getDeviceInfoFromCaps (/Users/pravinkumar_v/Documents/WebdriverIO-appium/node_modules/appium-uiautomator2-driver/node_modules/appium-android-driver/lib/helpers/android.ts:403:31)
[38;5;16m[AppiumDriver@0484][0m     at AndroidUiautomator2Driver.startUiAutomator2Session (/Users/pravinkumar_v/Documents/WebdriverIO-appium/node_modules/appium-uiautomator2-driver/lib/driver.ts:424:28)
[38;5;16m[AppiumDriver@0484][0m     at AndroidUiautomator2Driver.createSession (/Users/pravinkumar_v/Documents/WebdriverIO-appium/node_modules/appium-uiautomator2-driver/lib/driver.ts:298:22)
[38;5;16m[AppiumDriver@0484][0m     at AppiumDriver.createSession (/Users/pravinkumar_v/Documents/WebdriverIO-appium/node_modules/appium/lib/appium.js:375:35)
[38;5;0m[HTTP][0m [37m<-- POST /session [39m[31m500[39m [90m36005 ms - 1228[39m
[38;5;0m[HTTP][0m [90m[39m
[38;5;0m[HTTP][0m [37m-->[39m [37mPOST[39m [37m/session[39m
[38;5;0m[HTTP][0m [90m{"capabilities":{"alwaysMatch":{"platformName":"Android","appium:deviceName":"Pixel 5","appium:platformVersion":"12","appium:automationName":"UIAutomator2","appium:app":"/Users/pravinkumar_v/Documents/WebdriverIO-appium/.vscode/app/android/ApiDemos-debug.apk"},"firstMatch":[{}]},"desiredCapabilities":{"platformName":"Android","appium:deviceName":"Pixel 5","appium:platformVersion":"12","appium:automationName":"UIAutomator2","appium:app":"/Users/pravinkumar_v/Documents/WebdriverIO-appium/.vscode/app/android/ApiDemos-debug.apk"}}[39m
[38;5;16m[AppiumDriver@0484][0m Calling AppiumDriver.createSession() with args: [{"platformName":"Android","appium:deviceName":"Pixel 5","appium:platformVersion":"12","appium:automationName":"UIAutomator2","appium:app":"/Users/pravinkumar_v/Documents/WebdriverIO-appium/.vscode/app/android/ApiDemos-debug.apk"},null,{"alwaysMatch":{"platformName":"Android","appium:deviceName":"Pixel 5","appium:platformVersion":"12","appium:automationName":"UIAutomator2","appium:app":"/Users/pravinkumar_v/Documents/WebdriverIO-appium/.vscode/app/android/ApiDemos-debug.apk"},"firstMatch":[{}]}]
[38;5;16m[AppiumDriver@0484][0m Event 'newSessionRequested' logged at 1706620600759 (18:46:40 GMT+0530 (India Standard Time))
[35m[Appium][39m Attempting to find matching driver for automationName 'UIAutomator2' and platformName 'Android'
[35m[Appium][39m The 'uiautomator2' driver was installed and matched caps.
[35m[Appium][39m Will require it at /Users/pravinkumar_v/Documents/WebdriverIO-appium/node_modules/appium-uiautomator2-driver
[35m[Appium][39m Requiring driver at /Users/pravinkumar_v/Documents/WebdriverIO-appium/node_modules/appium-uiautomator2-driver
[38;5;16m[AppiumDriver@0484][0m Appium v2.2.3 creating new AndroidUiautomator2Driver (v2.34.2) session
[38;5;16m[AppiumDriver@0484][0m Checking BaseDriver versions for Appium and AndroidUiautomator2Driver
[38;5;16m[AppiumDriver@0484][0m Appium's BaseDriver version is 9.4.3
[38;5;16m[AppiumDriver@0484][0m AndroidUiautomator2Driver's BaseDriver version is 9.4.2
[38;5;32m[AndroidUiautomator2Driver@0b71][0m Creating session with W3C capabilities: {
[38;5;32m[AndroidUiautomator2Driver@0b71][0m   "alwaysMatch": {
[38;5;32m[AndroidUiautomator2Driver@0b71][0m     "platformName": "Android",
[38;5;32m[AndroidUiautomator2Driver@0b71][0m     "appium:deviceName": "Pixel 5",
[38;5;32m[AndroidUiautomator2Driver@0b71][0m     "appium:platformVersion": "12",
[38;5;32m[AndroidUiautomator2Driver@0b71][0m     "appium:automationName": "UIAutomator2",
[38;5;32m[AndroidUiautomator2Driver@0b71][0m     "appium:app": "/Users/pravinkumar_v/Documents/WebdriverIO-appium/.vscode/app/android/ApiDemos-debug.apk"
[38;5;32m[AndroidUiautomator2Driver@0b71][0m   },
[38;5;32m[AndroidUiautomator2Driver@0b71][0m   "firstMatch": [
[38;5;32m[AndroidUiautomator2Driver@0b71][0m     {}
[38;5;32m[AndroidUiautomator2Driver@0b71][0m   ]
[38;5;32m[AndroidUiautomator2Driver@0b71][0m }
[38;5;32m[AndroidUiautomator2Driver@0b71 (67599577)][0m Session created with session id: 67599577-8a20-4497-8f23-89edb9c12e32
[38;5;48m[BaseDriver][0m Using local app '/Users/pravinkumar_v/Documents/WebdriverIO-appium/.vscode/app/android/ApiDemos-debug.apk'
[38;5;32m[AndroidUiautomator2Driver@0b71 (67599577)][0m Checking whether app is actually present
[38;5;64m[ADB][0m Using 'adb' from '/Users/pravinkumar_v/Library/Android/sdk/platform-tools/adb'
[38;5;64m[ADB][0m Running '/Users/pravinkumar_v/Library/Android/sdk/platform-tools/adb -P 5037 start-server'
[38;5;80m[AndroidDriver][0m Retrieving device list
[38;5;64m[ADB][0m Trying to find connected Android devices
[38;5;64m[ADB][0m Getting connected devices
[38;5;64m[ADB][0m Connected devices: [{"udid":"emulator-5554","state":"device"}]
[38;5;80m[AndroidDriver][0m Looking for a device with Android '12.0.0'
[38;5;64m[ADB][0m Setting device id to emulator-5554
[38;5;64m[ADB][0m Getting device platform version
[38;5;64m[ADB][0m Running '/Users/pravinkumar_v/Library/Android/sdk/platform-tools/adb -P 5037 -s emulator-5554 shell getprop ro.build.version.release'
[38;5;32m[AndroidUiautomator2Driver@0b71 (67599577)][0m Deleting UiAutomator2 session
[38;5;32m[AndroidUiautomator2Driver@0b71 (67599577)][0m Unable to stop ChromeDriver proxies: Cannot read properties of undefined (reading 'proxyReqRes')
[38;5;16m[AppiumDriver@0484][0m Event 'newSessionStarted' logged at 1706620636766 (18:47:16 GMT+0530 (India Standard Time))
[38;5;16m[AppiumDriver@0484][0m Encountered internal error running command: Error: Error getting device platform version. Original error: Error executing adbExec. Original error: 'Command '/Users/pravinkumar_v/Library/Android/sdk/platform-tools/adb -P 5037 -s emulator-5554 shell getprop ro.build.version.release' timed out after 20000ms'. Try to increase the 20000ms adb execution timeout represented by 'adbExecTimeout' capability
[38;5;16m[AppiumDriver@0484][0m     at ADB.getPlatformVersion (/Users/pravinkumar_v/Documents/WebdriverIO-appium/node_modules/appium-uiautomator2-driver/node_modules/appium-adb/lib/tools/adb-commands.js:188:11)
[38;5;16m[AppiumDriver@0484][0m     at Object.getDeviceInfoFromCaps (/Users/pravinkumar_v/Documents/WebdriverIO-appium/node_modules/appium-uiautomator2-driver/node_modules/appium-android-driver/lib/helpers/android.ts:403:31)
[38;5;16m[AppiumDriver@0484][0m     at AndroidUiautomator2Driver.startUiAutomator2Session (/Users/pravinkumar_v/Documents/WebdriverIO-appium/node_modules/appium-uiautomator2-driver/lib/driver.ts:424:28)
[38;5;16m[AppiumDriver@0484][0m     at AndroidUiautomator2Driver.createSession (/Users/pravinkumar_v/Documents/WebdriverIO-appium/node_modules/appium-uiautomator2-driver/lib/driver.ts:298:22)
[38;5;16m[AppiumDriver@0484][0m     at AppiumDriver.createSession (/Users/pravinkumar_v/Documents/WebdriverIO-appium/node_modules/appium/lib/appium.js:375:35)
[38;5;0m[HTTP][0m [37m<-- POST /session [39m[31m500[39m [90m36010 ms - 1228[39m
[38;5;0m[HTTP][0m [90m[39m
[38;5;0m[HTTP][0m [37m-->[39m [37mPOST[39m [37m/session[39m
[38;5;0m[HTTP][0m [90m{"capabilities":{"alwaysMatch":{"platformName":"Android","appium:deviceName":"Pixel 5","appium:platformVersion":"12","appium:automationName":"UIAutomator2","appium:app":"/Users/pravinkumar_v/Documents/WebdriverIO-appium/.vscode/app/android/ApiDemos-debug.apk"},"firstMatch":[{}]},"desiredCapabilities":{"platformName":"Android","appium:deviceName":"Pixel 5","appium:platformVersion":"12","appium:automationName":"UIAutomator2","appium:app":"/Users/pravinkumar_v/Documents/WebdriverIO-appium/.vscode/app/android/ApiDemos-debug.apk"}}[39m
[38;5;16m[AppiumDriver@0484][0m Calling AppiumDriver.createSession() with args: [{"platformName":"Android","appium:deviceName":"Pixel 5","appium:platformVersion":"12","appium:automationName":"UIAutomator2","appium:app":"/Users/pravinkumar_v/Documents/WebdriverIO-appium/.vscode/app/android/ApiDemos-debug.apk"},null,{"alwaysMatch":{"platformName":"Android","appium:deviceName":"Pixel 5","appium:platformVersion":"12","appium:automationName":"UIAutomator2","appium:app":"/Users/pravinkumar_v/Documents/WebdriverIO-appium/.vscode/app/android/ApiDemos-debug.apk"},"firstMatch":[{}]}]
[38;5;16m[AppiumDriver@0484][0m Event 'newSessionRequested' logged at 1706620636783 (18:47:16 GMT+0530 (India Standard Time))
[35m[Appium][39m Attempting to find matching driver for automationName 'UIAutomator2' and platformName 'Android'
[35m[Appium][39m The 'uiautomator2' driver was installed and matched caps.
[35m[Appium][39m Will require it at /Users/pravinkumar_v/Documents/WebdriverIO-appium/node_modules/appium-uiautomator2-driver
[35m[Appium][39m Requiring driver at /Users/pravinkumar_v/Documents/WebdriverIO-appium/node_modules/appium-uiautomator2-driver
[38;5;16m[AppiumDriver@0484][0m Appium v2.2.3 creating new AndroidUiautomator2Driver (v2.34.2) session
[38;5;16m[AppiumDriver@0484][0m Checking BaseDriver versions for Appium and AndroidUiautomator2Driver
[38;5;16m[AppiumDriver@0484][0m Appium's BaseDriver version is 9.4.3
[38;5;16m[AppiumDriver@0484][0m AndroidUiautomator2Driver's BaseDriver version is 9.4.2
[38;5;32m[AndroidUiautomator2Driver@26e3][0m Creating session with W3C capabilities: {
[38;5;32m[AndroidUiautomator2Driver@26e3][0m   "alwaysMatch": {
[38;5;32m[AndroidUiautomator2Driver@26e3][0m     "platformName": "Android",
[38;5;32m[AndroidUiautomator2Driver@26e3][0m     "appium:deviceName": "Pixel 5",
[38;5;32m[AndroidUiautomator2Driver@26e3][0m     "appium:platformVersion": "12",
[38;5;32m[AndroidUiautomator2Driver@26e3][0m     "appium:automationName": "UIAutomator2",
[38;5;32m[AndroidUiautomator2Driver@26e3][0m     "appium:app": "/Users/pravinkumar_v/Documents/WebdriverIO-appium/.vscode/app/android/ApiDemos-debug.apk"
[38;5;32m[AndroidUiautomator2Driver@26e3][0m   },
[38;5;32m[AndroidUiautomator2Driver@26e3][0m   "firstMatch": [
[38;5;32m[AndroidUiautomator2Driver@26e3][0m     {}
[38;5;32m[AndroidUiautomator2Driver@26e3][0m   ]
[38;5;32m[AndroidUiautomator2Driver@26e3][0m }
[38;5;32m[AndroidUiautomator2Driver@26e3 (b4b9e000)][0m Session created with session id: b4b9e000-e4f6-421e-9ede-0576724ea51c
[38;5;48m[BaseDriver][0m Using local app '/Users/pravinkumar_v/Documents/WebdriverIO-appium/.vscode/app/android/ApiDemos-debug.apk'
[38;5;32m[AndroidUiautomator2Driver@26e3 (b4b9e000)][0m Checking whether app is actually present
[38;5;64m[ADB][0m Using 'adb' from '/Users/pravinkumar_v/Library/Android/sdk/platform-tools/adb'
[38;5;64m[ADB][0m Running '/Users/pravinkumar_v/Library/Android/sdk/platform-tools/adb -P 5037 start-server'
[38;5;80m[AndroidDriver][0m Retrieving device list
[38;5;64m[ADB][0m Trying to find connected Android devices
[38;5;64m[ADB][0m Getting connected devices
[38;5;64m[ADB][0m Connected devices: [{"udid":"emulator-5554","state":"device"}]
[38;5;80m[AndroidDriver][0m Looking for a device with Android '12.0.0'
[38;5;64m[ADB][0m Setting device id to emulator-5554
[38;5;64m[ADB][0m Getting device platform version
[38;5;64m[ADB][0m Running '/Users/pravinkumar_v/Library/Android/sdk/platform-tools/adb -P 5037 -s emulator-5554 shell getprop ro.build.version.release'
[38;5;32m[AndroidUiautomator2Driver@26e3 (b4b9e000)][0m Deleting UiAutomator2 session
[38;5;32m[AndroidUiautomator2Driver@26e3 (b4b9e000)][0m Unable to stop ChromeDriver proxies: Cannot read properties of undefined (reading 'proxyReqRes')
[38;5;16m[AppiumDriver@0484][0m Event 'newSessionStarted' logged at 1706620672894 (18:47:52 GMT+0530 (India Standard Time))
[38;5;16m[AppiumDriver@0484][0m Encountered internal error running command: Error: Error getting device platform version. Original error: Error executing adbExec. Original error: 'Command '/Users/pravinkumar_v/Library/Android/sdk/platform-tools/adb -P 5037 -s emulator-5554 shell getprop ro.build.version.release' timed out after 20000ms'. Try to increase the 20000ms adb execution timeout represented by 'adbExecTimeout' capability
[38;5;16m[AppiumDriver@0484][0m     at ADB.getPlatformVersion (/Users/pravinkumar_v/Documents/WebdriverIO-appium/node_modules/appium-uiautomator2-driver/node_modules/appium-adb/lib/tools/adb-commands.js:188:11)
[38;5;16m[AppiumDriver@0484][0m     at Object.getDeviceInfoFromCaps (/Users/pravinkumar_v/Documents/WebdriverIO-appium/node_modules/appium-uiautomator2-driver/node_modules/appium-android-driver/lib/helpers/android.ts:403:31)
[38;5;16m[AppiumDriver@0484][0m     at AndroidUiautomator2Driver.startUiAutomator2Session (/Users/pravinkumar_v/Documents/WebdriverIO-appium/node_modules/appium-uiautomator2-driver/lib/driver.ts:424:28)
[38;5;16m[AppiumDriver@0484][0m     at AndroidUiautomator2Driver.createSession (/Users/pravinkumar_v/Documents/WebdriverIO-appium/node_modules/appium-uiautomator2-driver/lib/driver.ts:298:22)
[38;5;16m[AppiumDriver@0484][0m     at AppiumDriver.createSession (/Users/pravinkumar_v/Documents/WebdriverIO-appium/node_modules/appium/lib/appium.js:375:35)
[38;5;0m[HTTP][0m [37m<-- POST /session [39m[31m500[39m [90m36114 ms - 1228[39m
[38;5;0m[HTTP][0m [90m[39m
[38;5;0m[HTTP][0m [37m-->[39m [37mPOST[39m [37m/session[39m
[38;5;0m[HTTP][0m [90m{"capabilities":{"alwaysMatch":{"platformName":"Android","appium:deviceName":"Pixel 5","appium:platformVersion":"12","appium:automationName":"UIAutomator2","appium:app":"/Users/pravinkumar_v/Documents/WebdriverIO-appium/.vscode/app/android/ApiDemos-debug.apk"},"firstMatch":[{}]},"desiredCapabilities":{"platformName":"Android","appium:deviceName":"Pixel 5","appium:platformVersion":"12","appium:automationName":"UIAutomator2","appium:app":"/Users/pravinkumar_v/Documents/WebdriverIO-appium/.vscode/app/android/ApiDemos-debug.apk"}}[39m
[38;5;16m[AppiumDriver@0484][0m Calling AppiumDriver.createSession() with args: [{"platformName":"Android","appium:deviceName":"Pixel 5","appium:platformVersion":"12","appium:automationName":"UIAutomator2","appium:app":"/Users/pravinkumar_v/Documents/WebdriverIO-appium/.vscode/app/android/ApiDemos-debug.apk"},null,{"alwaysMatch":{"platformName":"Android","appium:deviceName":"Pixel 5","appium:platformVersion":"12","appium:automationName":"UIAutomator2","appium:app":"/Users/pravinkumar_v/Documents/WebdriverIO-appium/.vscode/app/android/ApiDemos-debug.apk"},"firstMatch":[{}]}]
[38;5;16m[AppiumDriver@0484][0m Event 'newSessionRequested' logged at 1706620673014 (18:47:53 GMT+0530 (India Standard Time))
[35m[Appium][39m Attempting to find matching driver for automationName 'UIAutomator2' and platformName 'Android'
[35m[Appium][39m The 'uiautomator2' driver was installed and matched caps.
[35m[Appium][39m Will require it at /Users/pravinkumar_v/Documents/WebdriverIO-appium/node_modules/appium-uiautomator2-driver
[35m[Appium][39m Requiring driver at /Users/pravinkumar_v/Documents/WebdriverIO-appium/node_modules/appium-uiautomator2-driver
[38;5;16m[AppiumDriver@0484][0m Appium v2.2.3 creating new AndroidUiautomator2Driver (v2.34.2) session
[38;5;16m[AppiumDriver@0484][0m Checking BaseDriver versions for Appium and AndroidUiautomator2Driver
[38;5;16m[AppiumDriver@0484][0m Appium's BaseDriver version is 9.4.3
[38;5;16m[AppiumDriver@0484][0m AndroidUiautomator2Driver's BaseDriver version is 9.4.2
[38;5;32m[AndroidUiautomator2Driver@abdb][0m Creating session with W3C capabilities: {
[38;5;32m[AndroidUiautomator2Driver@abdb][0m   "alwaysMatch": {
[38;5;32m[AndroidUiautomator2Driver@abdb][0m     "platformName": "Android",
[38;5;32m[AndroidUiautomator2Driver@abdb][0m     "appium:deviceName": "Pixel 5",
[38;5;32m[AndroidUiautomator2Driver@abdb][0m     "appium:platformVersion": "12",
[38;5;32m[AndroidUiautomator2Driver@abdb][0m     "appium:automationName": "UIAutomator2",
[38;5;32m[AndroidUiautomator2Driver@abdb][0m     "appium:app": "/Users/pravinkumar_v/Documents/WebdriverIO-appium/.vscode/app/android/ApiDemos-debug.apk"
[38;5;32m[AndroidUiautomator2Driver@abdb][0m   },
[38;5;32m[AndroidUiautomator2Driver@abdb][0m   "firstMatch": [
[38;5;32m[AndroidUiautomator2Driver@abdb][0m     {}
[38;5;32m[AndroidUiautomator2Driver@abdb][0m   ]
[38;5;32m[AndroidUiautomator2Driver@abdb][0m }
[38;5;32m[AndroidUiautomator2Driver@abdb (23524711)][0m Session created with session id: 23524711-d364-4de9-bd31-86a152d3b1e0
[38;5;48m[BaseDriver][0m Using local app '/Users/pravinkumar_v/Documents/WebdriverIO-appium/.vscode/app/android/ApiDemos-debug.apk'
[38;5;32m[AndroidUiautomator2Driver@abdb (23524711)][0m Checking whether app is actually present
[38;5;64m[ADB][0m Using 'adb' from '/Users/pravinkumar_v/Library/Android/sdk/platform-tools/adb'
[38;5;64m[ADB][0m Running '/Users/pravinkumar_v/Library/Android/sdk/platform-tools/adb -P 5037 start-server'
[38;5;80m[AndroidDriver][0m Retrieving device list
[38;5;64m[ADB][0m Trying to find connected Android devices
[38;5;64m[ADB][0m Getting connected devices
[38;5;64m[ADB][0m Connected devices: [{"udid":"emulator-5554","state":"device"}]
[38;5;80m[AndroidDriver][0m Looking for a device with Android '12.0.0'
[38;5;64m[ADB][0m Setting device id to emulator-5554
[38;5;64m[ADB][0m Getting device platform version
[38;5;64m[ADB][0m Running '/Users/pravinkumar_v/Library/Android/sdk/platform-tools/adb -P 5037 -s emulator-5554 shell getprop ro.build.version.release'
[38;5;32m[AndroidUiautomator2Driver@abdb (23524711)][0m Deleting UiAutomator2 session
[38;5;32m[AndroidUiautomator2Driver@abdb (23524711)][0m Unable to stop ChromeDriver proxies: Cannot read properties of undefined (reading 'proxyReqRes')
[38;5;16m[AppiumDriver@0484][0m Event 'newSessionStarted' logged at 1706620709027 (18:48:29 GMT+0530 (India Standard Time))
[38;5;16m[AppiumDriver@0484][0m Encountered internal error running command: Error: Error getting device platform version. Original error: Error executing adbExec. Original error: 'Command '/Users/pravinkumar_v/Library/Android/sdk/platform-tools/adb -P 5037 -s emulator-5554 shell getprop ro.build.version.release' timed out after 20000ms'. Try to increase the 20000ms adb execution timeout represented by 'adbExecTimeout' capability
[38;5;16m[AppiumDriver@0484][0m     at ADB.getPlatformVersion (/Users/pravinkumar_v/Documents/WebdriverIO-appium/node_modules/appium-uiautomator2-driver/node_modules/appium-adb/lib/tools/adb-commands.js:188:11)
[38;5;16m[AppiumDriver@0484][0m     at Object.getDeviceInfoFromCaps (/Users/pravinkumar_v/Documents/WebdriverIO-appium/node_modules/appium-uiautomator2-driver/node_modules/appium-android-driver/lib/helpers/android.ts:403:31)
[38;5;16m[AppiumDriver@0484][0m     at AndroidUiautomator2Driver.startUiAutomator2Session (/Users/pravinkumar_v/Documents/WebdriverIO-appium/node_modules/appium-uiautomator2-driver/lib/driver.ts:424:28)
[38;5;16m[AppiumDriver@0484][0m     at AndroidUiautomator2Driver.createSession (/Users/pravinkumar_v/Documents/WebdriverIO-appium/node_modules/appium-uiautomator2-driver/lib/driver.ts:298:22)
[38;5;16m[AppiumDriver@0484][0m     at AppiumDriver.createSession (/Users/pravinkumar_v/Documents/WebdriverIO-appium/node_modules/appium/lib/appium.js:375:35)
[38;5;0m[HTTP][0m [37m<-- POST /session [39m[31m500[39m [90m36016 ms - 1228[39m
[38;5;0m[HTTP][0m [90m[39m
[38;5;0m[HTTP][0m [37m-->[39m [37mPOST[39m [37m/session[39m
[38;5;0m[HTTP][0m [90m{"capabilities":{"alwaysMatch":{"platformName":"Android","appium:deviceName":"Pixel 5","appium:platformVersion":"12","appium:automationName":"UIAutomator2","appium:app":"/Users/pravinkumar_v/Documents/WebdriverIO-appium/.vscode/app/android/ApiDemos-debug.apk"},"firstMatch":[{}]},"desiredCapabilities":{"platformName":"Android","appium:deviceName":"Pixel 5","appium:platformVersion":"12","appium:automationName":"UIAutomator2","appium:app":"/Users/pravinkumar_v/Documents/WebdriverIO-appium/.vscode/app/android/ApiDemos-debug.apk"}}[39m
[38;5;16m[AppiumDriver@0484][0m Calling AppiumDriver.createSession() with args: [{"platformName":"Android","appium:deviceName":"Pixel 5","appium:platformVersion":"12","appium:automationName":"UIAutomator2","appium:app":"/Users/pravinkumar_v/Documents/WebdriverIO-appium/.vscode/app/android/ApiDemos-debug.apk"},null,{"alwaysMatch":{"platformName":"Android","appium:deviceName":"Pixel 5","appium:platformVersion":"12","appium:automationName":"UIAutomator2","appium:app":"/Users/pravinkumar_v/Documents/WebdriverIO-appium/.vscode/app/android/ApiDemos-debug.apk"},"firstMatch":[{}]}]
[38;5;16m[AppiumDriver@0484][0m Event 'newSessionRequested' logged at 1706620709138 (18:48:29 GMT+0530 (India Standard Time))
[35m[Appium][39m Attempting to find matching driver for automationName 'UIAutomator2' and platformName 'Android'
[35m[Appium][39m The 'uiautomator2' driver was installed and matched caps.
[35m[Appium][39m Will require it at /Users/pravinkumar_v/Documents/WebdriverIO-appium/node_modules/appium-uiautomator2-driver
[35m[Appium][39m Requiring driver at /Users/pravinkumar_v/Documents/WebdriverIO-appium/node_modules/appium-uiautomator2-driver
[38;5;16m[AppiumDriver@0484][0m Appium v2.2.3 creating new AndroidUiautomator2Driver (v2.34.2) session
[38;5;16m[AppiumDriver@0484][0m Checking BaseDriver versions for Appium and AndroidUiautomator2Driver
[38;5;16m[AppiumDriver@0484][0m Appium's BaseDriver version is 9.4.3
[38;5;16m[AppiumDriver@0484][0m AndroidUiautomator2Driver's BaseDriver version is 9.4.2
[38;5;32m[AndroidUiautomator2Driver@3b44][0m Creating session with W3C capabilities: {
[38;5;32m[AndroidUiautomator2Driver@3b44][0m   "alwaysMatch": {
[38;5;32m[AndroidUiautomator2Driver@3b44][0m     "platformName": "Android",
[38;5;32m[AndroidUiautomator2Driver@3b44][0m     "appium:deviceName": "Pixel 5",
[38;5;32m[AndroidUiautomator2Driver@3b44][0m     "appium:platformVersion": "12",
[38;5;32m[AndroidUiautomator2Driver@3b44][0m     "appium:automationName": "UIAutomator2",
[38;5;32m[AndroidUiautomator2Driver@3b44][0m     "appium:app": "/Users/pravinkumar_v/Documents/WebdriverIO-appium/.vscode/app/android/ApiDemos-debug.apk"
[38;5;32m[AndroidUiautomator2Driver@3b44][0m   },
[38;5;32m[AndroidUiautomator2Driver@3b44][0m   "firstMatch": [
[38;5;32m[AndroidUiautomator2Driver@3b44][0m     {}
[38;5;32m[AndroidUiautomator2Driver@3b44][0m   ]
[38;5;32m[AndroidUiautomator2Driver@3b44][0m }
[38;5;32m[AndroidUiautomator2Driver@3b44 (2b64335a)][0m Session created with session id: 2b64335a-4b82-422c-bba4-97c023a063ba
[38;5;48m[BaseDriver][0m Using local app '/Users/pravinkumar_v/Documents/WebdriverIO-appium/.vscode/app/android/ApiDemos-debug.apk'
[38;5;32m[AndroidUiautomator2Driver@3b44 (2b64335a)][0m Checking whether app is actually present
[38;5;64m[ADB][0m Using 'adb' from '/Users/pravinkumar_v/Library/Android/sdk/platform-tools/adb'
[38;5;64m[ADB][0m Running '/Users/pravinkumar_v/Library/Android/sdk/platform-tools/adb -P 5037 start-server'
[38;5;80m[AndroidDriver][0m Retrieving device list
[38;5;64m[ADB][0m Trying to find connected Android devices
[38;5;64m[ADB][0m Getting connected devices
[38;5;64m[ADB][0m Connected devices: [{"udid":"emulator-5554","state":"device"}]
[38;5;80m[AndroidDriver][0m Looking for a device with Android '12.0.0'
[38;5;64m[ADB][0m Setting device id to emulator-5554
[38;5;64m[ADB][0m Getting device platform version
[38;5;64m[ADB][0m Running '/Users/pravinkumar_v/Library/Android/sdk/platform-tools/adb -P 5037 -s emulator-5554 shell getprop ro.build.version.release'
[38;5;32m[AndroidUiautomator2Driver@3b44 (2b64335a)][0m Deleting UiAutomator2 session
[38;5;32m[AndroidUiautomator2Driver@3b44 (2b64335a)][0m Unable to stop ChromeDriver proxies: Cannot read properties of undefined (reading 'proxyReqRes')
[38;5;16m[AppiumDriver@0484][0m Event 'newSessionStarted' logged at 1706620745162 (18:49:05 GMT+0530 (India Standard Time))
[38;5;16m[AppiumDriver@0484][0m Encountered internal error running command: Error: Error getting device platform version. Original error: Error executing adbExec. Original error: 'Command '/Users/pravinkumar_v/Library/Android/sdk/platform-tools/adb -P 5037 -s emulator-5554 shell getprop ro.build.version.release' timed out after 20000ms'. Try to increase the 20000ms adb execution timeout represented by 'adbExecTimeout' capability
[38;5;16m[AppiumDriver@0484][0m     at ADB.getPlatformVersion (/Users/pravinkumar_v/Documents/WebdriverIO-appium/node_modules/appium-uiautomator2-driver/node_modules/appium-adb/lib/tools/adb-commands.js:188:11)
[38;5;16m[AppiumDriver@0484][0m     at Object.getDeviceInfoFromCaps (/Users/pravinkumar_v/Documents/WebdriverIO-appium/node_modules/appium-uiautomator2-driver/node_modules/appium-android-driver/lib/helpers/android.ts:403:31)
[38;5;16m[AppiumDriver@0484][0m     at AndroidUiautomator2Driver.startUiAutomator2Session (/Users/pravinkumar_v/Documents/WebdriverIO-appium/node_modules/appium-uiautomator2-driver/lib/driver.ts:424:28)
[38;5;16m[AppiumDriver@0484][0m     at AndroidUiautomator2Driver.createSession (/Users/pravinkumar_v/Documents/WebdriverIO-appium/node_modules/appium-uiautomator2-driver/lib/driver.ts:298:22)
[38;5;16m[AppiumDriver@0484][0m     at AppiumDriver.createSession (/Users/pravinkumar_v/Documents/WebdriverIO-appium/node_modules/appium/lib/appium.js:375:35)
[38;5;0m[HTTP][0m [37m<-- POST /session [39m[31m500[39m [90m36027 ms - 1228[39m
[38;5;0m[HTTP][0m [90m[39m
[38;5;0m[HTTP][0m [37m-->[39m [37mPOST[39m [37m/session[39m
[38;5;0m[HTTP][0m [90m{"capabilities":{"alwaysMatch":{"platformName":"Android","appium:deviceName":"Pixel 5","appium:platformVersion":"12","appium:automationName":"UIAutomator2","appium:app":"/Users/pravinkumar_v/Documents/WebdriverIO-appium/.vscode/app/android/ApiDemos-debug.apk"},"firstMatch":[{}]},"desiredCapabilities":{"platformName":"Android","appium:deviceName":"Pixel 5","appium:platformVersion":"12","appium:automationName":"UIAutomator2","appium:app":"/Users/pravinkumar_v/Documents/WebdriverIO-appium/.vscode/app/android/ApiDemos-debug.apk"}}[39m
[38;5;16m[AppiumDriver@0484][0m Calling AppiumDriver.createSession() with args: [{"platformName":"Android","appium:deviceName":"Pixel 5","appium:platformVersion":"12","appium:automationName":"UIAutomator2","appium:app":"/Users/pravinkumar_v/Documents/WebdriverIO-appium/.vscode/app/android/ApiDemos-debug.apk"},null,{"alwaysMatch":{"platformName":"Android","appium:deviceName":"Pixel 5","appium:platformVersion":"12","appium:automationName":"UIAutomator2","appium:app":"/Users/pravinkumar_v/Documents/WebdriverIO-appium/.vscode/app/android/ApiDemos-debug.apk"},"firstMatch":[{}]}]
[38;5;16m[AppiumDriver@0484][0m Event 'newSessionRequested' logged at 1706620745278 (18:49:05 GMT+0530 (India Standard Time))
[35m[Appium][39m Attempting to find matching driver for automationName 'UIAutomator2' and platformName 'Android'
[35m[Appium][39m The 'uiautomator2' driver was installed and matched caps.
[35m[Appium][39m Will require it at /Users/pravinkumar_v/Documents/WebdriverIO-appium/node_modules/appium-uiautomator2-driver
[35m[Appium][39m Requiring driver at /Users/pravinkumar_v/Documents/WebdriverIO-appium/node_modules/appium-uiautomator2-driver
[38;5;16m[AppiumDriver@0484][0m Appium v2.2.3 creating new AndroidUiautomator2Driver (v2.34.2) session
[38;5;16m[AppiumDriver@0484][0m Checking BaseDriver versions for Appium and AndroidUiautomator2Driver
[38;5;16m[AppiumDriver@0484][0m Appium's BaseDriver version is 9.4.3
[38;5;16m[AppiumDriver@0484][0m AndroidUiautomator2Driver's BaseDriver version is 9.4.2
[38;5;32m[AndroidUiautomator2Driver@6447][0m Creating session with W3C capabilities: {
[38;5;32m[AndroidUiautomator2Driver@6447][0m   "alwaysMatch": {
[38;5;32m[AndroidUiautomator2Driver@6447][0m     "platformName": "Android",
[38;5;32m[AndroidUiautomator2Driver@6447][0m     "appium:deviceName": "Pixel 5",
[38;5;32m[AndroidUiautomator2Driver@6447][0m     "appium:platformVersion": "12",
[38;5;32m[AndroidUiautomator2Driver@6447][0m     "appium:automationName": "UIAutomator2",
[38;5;32m[AndroidUiautomator2Driver@6447][0m     "appium:app": "/Users/pravinkumar_v/Documents/WebdriverIO-appium/.vscode/app/android/ApiDemos-debug.apk"
[38;5;32m[AndroidUiautomator2Driver@6447][0m   },
[38;5;32m[AndroidUiautomator2Driver@6447][0m   "firstMatch": [
[38;5;32m[AndroidUiautomator2Driver@6447][0m     {}
[38;5;32m[AndroidUiautomator2Driver@6447][0m   ]
[38;5;32m[AndroidUiautomator2Driver@6447][0m }
[38;5;32m[AndroidUiautomator2Driver@6447 (a7d8878c)][0m Session created with session id: a7d8878c-7060-4080-8d87-6907190de913
[38;5;48m[BaseDriver][0m Using local app '/Users/pravinkumar_v/Documents/WebdriverIO-appium/.vscode/app/android/ApiDemos-debug.apk'
[38;5;32m[AndroidUiautomator2Driver@6447 (a7d8878c)][0m Checking whether app is actually present
[38;5;64m[ADB][0m Using 'adb' from '/Users/pravinkumar_v/Library/Android/sdk/platform-tools/adb'
[38;5;64m[ADB][0m Running '/Users/pravinkumar_v/Library/Android/sdk/platform-tools/adb -P 5037 start-server'
[38;5;80m[AndroidDriver][0m Retrieving device list
[38;5;64m[ADB][0m Trying to find connected Android devices
[38;5;64m[ADB][0m Getting connected devices
[38;5;64m[ADB][0m Connected devices: [{"udid":"emulator-5554","state":"device"}]
[38;5;80m[AndroidDriver][0m Looking for a device with Android '12.0.0'
[38;5;64m[ADB][0m Setting device id to emulator-5554
[38;5;64m[ADB][0m Getting device platform version
[38;5;64m[ADB][0m Running '/Users/pravinkumar_v/Library/Android/sdk/platform-tools/adb -P 5037 -s emulator-5554 shell getprop ro.build.version.release'
[38;5;32m[AndroidUiautomator2Driver@6447 (a7d8878c)][0m Deleting UiAutomator2 session
[38;5;32m[AndroidUiautomator2Driver@6447 (a7d8878c)][0m Unable to stop ChromeDriver proxies: Cannot read properties of undefined (reading 'proxyReqRes')
[38;5;16m[AppiumDriver@0484][0m Event 'newSessionStarted' logged at 1706620781280 (18:49:41 GMT+0530 (India Standard Time))
[38;5;16m[AppiumDriver@0484][0m Encountered internal error running command: Error: Error getting device platform version. Original error: Error executing adbExec. Original error: 'Command '/Users/pravinkumar_v/Library/Android/sdk/platform-tools/adb -P 5037 -s emulator-5554 shell getprop ro.build.version.release' timed out after 20000ms'. Try to increase the 20000ms adb execution timeout represented by 'adbExecTimeout' capability
[38;5;16m[AppiumDriver@0484][0m     at ADB.getPlatformVersion (/Users/pravinkumar_v/Documents/WebdriverIO-appium/node_modules/appium-uiautomator2-driver/node_modules/appium-adb/lib/tools/adb-commands.js:188:11)
[38;5;16m[AppiumDriver@0484][0m     at Object.getDeviceInfoFromCaps (/Users/pravinkumar_v/Documents/WebdriverIO-appium/node_modules/appium-uiautomator2-driver/node_modules/appium-android-driver/lib/helpers/android.ts:403:31)
[38;5;16m[AppiumDriver@0484][0m     at AndroidUiautomator2Driver.startUiAutomator2Session (/Users/pravinkumar_v/Documents/WebdriverIO-appium/node_modules/appium-uiautomator2-driver/lib/driver.ts:424:28)
[38;5;16m[AppiumDriver@0484][0m     at AndroidUiautomator2Driver.createSession (/Users/pravinkumar_v/Documents/WebdriverIO-appium/node_modules/appium-uiautomator2-driver/lib/driver.ts:298:22)
[38;5;16m[AppiumDriver@0484][0m     at AppiumDriver.createSession (/Users/pravinkumar_v/Documents/WebdriverIO-appium/node_modules/appium/lib/appium.js:375:35)
[38;5;0m[HTTP][0m [37m<-- POST /session [39m[31m500[39m [90m36010 ms - 1228[39m
[38;5;0m[HTTP][0m [90m[39m
[38;5;0m[HTTP][0m [37m-->[39m [37mPOST[39m [37m/session[39m
[38;5;0m[HTTP][0m [90m{"capabilities":{"alwaysMatch":{"platformName":"Android","appium:deviceName":"Pixel 5","appium:platformVersion":"12","appium:automationName":"UIAutomator2","appium:app":"/Users/pravinkumar_v/Documents/WebdriverIO-appium/.vscode/app/android/ApiDemos-debug.apk"},"firstMatch":[{}]},"desiredCapabilities":{"platformName":"Android","appium:deviceName":"Pixel 5","appium:platformVersion":"12","appium:automationName":"UIAutomator2","appium:app":"/Users/pravinkumar_v/Documents/WebdriverIO-appium/.vscode/app/android/ApiDemos-debug.apk"}}[39m
[38;5;16m[AppiumDriver@0484][0m Calling AppiumDriver.createSession() with args: [{"platformName":"Android","appium:deviceName":"Pixel 5","appium:platformVersion":"12","appium:automationName":"UIAutomator2","appium:app":"/Users/pravinkumar_v/Documents/WebdriverIO-appium/.vscode/app/android/ApiDemos-debug.apk"},null,{"alwaysMatch":{"platformName":"Android","appium:deviceName":"Pixel 5","appium:platformVersion":"12","appium:automationName":"UIAutomator2","appium:app":"/Users/pravinkumar_v/Documents/WebdriverIO-appium/.vscode/app/android/ApiDemos-debug.apk"},"firstMatch":[{}]}]
[38;5;16m[AppiumDriver@0484][0m Event 'newSessionRequested' logged at 1706620781298 (18:49:41 GMT+0530 (India Standard Time))
[35m[Appium][39m Attempting to find matching driver for automationName 'UIAutomator2' and platformName 'Android'
[35m[Appium][39m The 'uiautomator2' driver was installed and matched caps.
[35m[Appium][39m Will require it at /Users/pravinkumar_v/Documents/WebdriverIO-appium/node_modules/appium-uiautomator2-driver
[35m[Appium][39m Requiring driver at /Users/pravinkumar_v/Documents/WebdriverIO-appium/node_modules/appium-uiautomator2-driver
[38;5;16m[AppiumDriver@0484][0m Appium v2.2.3 creating new AndroidUiautomator2Driver (v2.34.2) session
[38;5;16m[AppiumDriver@0484][0m Checking BaseDriver versions for Appium and AndroidUiautomator2Driver
[38;5;16m[AppiumDriver@0484][0m Appium's BaseDriver version is 9.4.3
[38;5;16m[AppiumDriver@0484][0m AndroidUiautomator2Driver's BaseDriver version is 9.4.2
[38;5;32m[AndroidUiautomator2Driver@1499][0m Creating session with W3C capabilities: {
[38;5;32m[AndroidUiautomator2Driver@1499][0m   "alwaysMatch": {
[38;5;32m[AndroidUiautomator2Driver@1499][0m     "platformName": "Android",
[38;5;32m[AndroidUiautomator2Driver@1499][0m     "appium:deviceName": "Pixel 5",
[38;5;32m[AndroidUiautomator2Driver@1499][0m     "appium:platformVersion": "12",
[38;5;32m[AndroidUiautomator2Driver@1499][0m     "appium:automationName": "UIAutomator2",
[38;5;32m[AndroidUiautomator2Driver@1499][0m     "appium:app": "/Users/pravinkumar_v/Documents/WebdriverIO-appium/.vscode/app/android/ApiDemos-debug.apk"
[38;5;32m[AndroidUiautomator2Driver@1499][0m   },
[38;5;32m[AndroidUiautomator2Driver@1499][0m   "firstMatch": [
[38;5;32m[AndroidUiautomator2Driver@1499][0m     {}
[38;5;32m[AndroidUiautomator2Driver@1499][0m   ]
[38;5;32m[AndroidUiautomator2Driver@1499][0m }
[38;5;32m[AndroidUiautomator2Driver@1499 (d0edfe52)][0m Session created with session id: d0edfe52-864e-4d15-a4b1-bb43840674e8
[38;5;48m[BaseDriver][0m Using local app '/Users/pravinkumar_v/Documents/WebdriverIO-appium/.vscode/app/android/ApiDemos-debug.apk'
[38;5;32m[AndroidUiautomator2Driver@1499 (d0edfe52)][0m Checking whether app is actually present
[38;5;64m[ADB][0m Using 'adb' from '/Users/pravinkumar_v/Library/Android/sdk/platform-tools/adb'
[38;5;64m[ADB][0m Running '/Users/pravinkumar_v/Library/Android/sdk/platform-tools/adb -P 5037 start-server'
[38;5;80m[AndroidDriver][0m Retrieving device list
[38;5;64m[ADB][0m Trying to find connected Android devices
[38;5;64m[ADB][0m Getting connected devices
[38;5;64m[ADB][0m Connected devices: [{"udid":"emulator-5554","state":"device"}]
[38;5;80m[AndroidDriver][0m Looking for a device with Android '12.0.0'
[38;5;64m[ADB][0m Setting device id to emulator-5554
[38;5;64m[ADB][0m Getting device platform version
[38;5;64m[ADB][0m Running '/Users/pravinkumar_v/Library/Android/sdk/platform-tools/adb -P 5037 -s emulator-5554 shell getprop ro.build.version.release'
[38;5;32m[AndroidUiautomator2Driver@1499 (d0edfe52)][0m Deleting UiAutomator2 session
[38;5;32m[AndroidUiautomator2Driver@1499 (d0edfe52)][0m Unable to stop ChromeDriver proxies: Cannot read properties of undefined (reading 'proxyReqRes')
[38;5;16m[AppiumDriver@0484][0m Event 'newSessionStarted' logged at 1706620817398 (18:50:17 GMT+0530 (India Standard Time))
[38;5;16m[AppiumDriver@0484][0m Encountered internal error running command: Error: Error getting device platform version. Original error: Error executing adbExec. Original error: 'Command '/Users/pravinkumar_v/Library/Android/sdk/platform-tools/adb -P 5037 -s emulator-5554 shell getprop ro.build.version.release' timed out after 20000ms'. Try to increase the 20000ms adb execution timeout represented by 'adbExecTimeout' capability
[38;5;16m[AppiumDriver@0484][0m     at ADB.getPlatformVersion (/Users/pravinkumar_v/Documents/WebdriverIO-appium/node_modules/appium-uiautomator2-driver/node_modules/appium-adb/lib/tools/adb-commands.js:188:11)
[38;5;16m[AppiumDriver@0484][0m     at Object.getDeviceInfoFromCaps (/Users/pravinkumar_v/Documents/WebdriverIO-appium/node_modules/appium-uiautomator2-driver/node_modules/appium-android-driver/lib/helpers/android.ts:403:31)
[38;5;16m[AppiumDriver@0484][0m     at AndroidUiautomator2Driver.startUiAutomator2Session (/Users/pravinkumar_v/Documents/WebdriverIO-appium/node_modules/appium-uiautomator2-driver/lib/driver.ts:424:28)
[38;5;16m[AppiumDriver@0484][0m     at AndroidUiautomator2Driver.createSession (/Users/pravinkumar_v/Documents/WebdriverIO-appium/node_modules/appium-uiautomator2-driver/lib/driver.ts:298:22)
[38;5;16m[AppiumDriver@0484][0m     at AppiumDriver.createSession (/Users/pravinkumar_v/Documents/WebdriverIO-appium/node_modules/appium/lib/appium.js:375:35)
[38;5;0m[HTTP][0m [37m<-- POST /session [39m[31m500[39m [90m36103 ms - 1228[39m
[38;5;0m[HTTP][0m [90m[39m
[38;5;0m[HTTP][0m [37m-->[39m [37mPOST[39m [37m/session[39m
[38;5;0m[HTTP][0m [90m{"capabilities":{"alwaysMatch":{"platformName":"Android","appium:deviceName":"Pixel 5","appium:platformVersion":"12","appium:automationName":"UIAutomator2","appium:app":"/Users/pravinkumar_v/Documents/WebdriverIO-appium/.vscode/app/android/ApiDemos-debug.apk"},"firstMatch":[{}]},"desiredCapabilities":{"platformName":"Android","appium:deviceName":"Pixel 5","appium:platformVersion":"12","appium:automationName":"UIAutomator2","appium:app":"/Users/pravinkumar_v/Documents/WebdriverIO-appium/.vscode/app/android/ApiDemos-debug.apk"}}[39m
[38;5;16m[AppiumDriver@0484][0m Calling AppiumDriver.createSession() with args: [{"platformName":"Android","appium:deviceName":"Pixel 5","appium:platformVersion":"12","appium:automationName":"UIAutomator2","appium:app":"/Users/pravinkumar_v/Documents/WebdriverIO-appium/.vscode/app/android/ApiDemos-debug.apk"},null,{"alwaysMatch":{"platformName":"Android","appium:deviceName":"Pixel 5","appium:platformVersion":"12","appium:automationName":"UIAutomator2","appium:app":"/Users/pravinkumar_v/Documents/WebdriverIO-appium/.vscode/app/android/ApiDemos-debug.apk"},"firstMatch":[{}]}]
[38;5;16m[AppiumDriver@0484][0m Event 'newSessionRequested' logged at 1706620817518 (18:50:17 GMT+0530 (India Standard Time))
[35m[Appium][39m Attempting to find matching driver for automationName 'UIAutomator2' and platformName 'Android'
[35m[Appium][39m The 'uiautomator2' driver was installed and matched caps.
[35m[Appium][39m Will require it at /Users/pravinkumar_v/Documents/WebdriverIO-appium/node_modules/appium-uiautomator2-driver
[35m[Appium][39m Requiring driver at /Users/pravinkumar_v/Documents/WebdriverIO-appium/node_modules/appium-uiautomator2-driver
[38;5;16m[AppiumDriver@0484][0m Appium v2.2.3 creating new AndroidUiautomator2Driver (v2.34.2) session
[38;5;16m[AppiumDriver@0484][0m Checking BaseDriver versions for Appium and AndroidUiautomator2Driver
[38;5;16m[AppiumDriver@0484][0m Appium's BaseDriver version is 9.4.3
[38;5;16m[AppiumDriver@0484][0m AndroidUiautomator2Driver's BaseDriver version is 9.4.2
[38;5;32m[AndroidUiautomator2Driver@0ba1][0m Creating session with W3C capabilities: {
[38;5;32m[AndroidUiautomator2Driver@0ba1][0m   "alwaysMatch": {
[38;5;32m[AndroidUiautomator2Driver@0ba1][0m     "platformName": "Android",
[38;5;32m[AndroidUiautomator2Driver@0ba1][0m     "appium:deviceName": "Pixel 5",
[38;5;32m[AndroidUiautomator2Driver@0ba1][0m     "appium:platformVersion": "12",
[38;5;32m[AndroidUiautomator2Driver@0ba1][0m     "appium:automationName": "UIAutomator2",
[38;5;32m[AndroidUiautomator2Driver@0ba1][0m     "appium:app": "/Users/pravinkumar_v/Documents/WebdriverIO-appium/.vscode/app/android/ApiDemos-debug.apk"
[38;5;32m[AndroidUiautomator2Driver@0ba1][0m   },
[38;5;32m[AndroidUiautomator2Driver@0ba1][0m   "firstMatch": [
[38;5;32m[AndroidUiautomator2Driver@0ba1][0m     {}
[38;5;32m[AndroidUiautomator2Driver@0ba1][0m   ]
[38;5;32m[AndroidUiautomator2Driver@0ba1][0m }
[38;5;32m[AndroidUiautomator2Driver@0ba1 (b5d90c5d)][0m Session created with session id: b5d90c5d-80e8-4cb6-8c74-edf731d33006
[38;5;48m[BaseDriver][0m Using local app '/Users/pravinkumar_v/Documents/WebdriverIO-appium/.vscode/app/android/ApiDemos-debug.apk'
[38;5;32m[AndroidUiautomator2Driver@0ba1 (b5d90c5d)][0m Checking whether app is actually present
[38;5;64m[ADB][0m Using 'adb' from '/Users/pravinkumar_v/Library/Android/sdk/platform-tools/adb'
[38;5;64m[ADB][0m Running '/Users/pravinkumar_v/Library/Android/sdk/platform-tools/adb -P 5037 start-server'
[38;5;80m[AndroidDriver][0m Retrieving device list
[38;5;64m[ADB][0m Trying to find connected Android devices
[38;5;64m[ADB][0m Getting connected devices
[38;5;64m[ADB][0m Connected devices: [{"udid":"emulator-5554","state":"device"}]
[38;5;80m[AndroidDriver][0m Looking for a device with Android '12.0.0'
[38;5;64m[ADB][0m Setting device id to emulator-5554
[38;5;64m[ADB][0m Getting device platform version
[38;5;64m[ADB][0m Running '/Users/pravinkumar_v/Library/Android/sdk/platform-tools/adb -P 5037 -s emulator-5554 shell getprop ro.build.version.release'
[38;5;32m[AndroidUiautomator2Driver@0ba1 (b5d90c5d)][0m Deleting UiAutomator2 session
[38;5;32m[AndroidUiautomator2Driver@0ba1 (b5d90c5d)][0m Unable to stop ChromeDriver proxies: Cannot read properties of undefined (reading 'proxyReqRes')
[38;5;16m[AppiumDriver@0484][0m Event 'newSessionStarted' logged at 1706620853552 (18:50:53 GMT+0530 (India Standard Time))
[38;5;16m[AppiumDriver@0484][0m Encountered internal error running command: Error: Error getting device platform version. Original error: Error executing adbExec. Original error: 'Command '/Users/pravinkumar_v/Library/Android/sdk/platform-tools/adb -P 5037 -s emulator-5554 shell getprop ro.build.version.release' timed out after 20000ms'. Try to increase the 20000ms adb execution timeout represented by 'adbExecTimeout' capability
[38;5;16m[AppiumDriver@0484][0m     at ADB.getPlatformVersion (/Users/pravinkumar_v/Documents/WebdriverIO-appium/node_modules/appium-uiautomator2-driver/node_modules/appium-adb/lib/tools/adb-commands.js:188:11)
[38;5;16m[AppiumDriver@0484][0m     at Object.getDeviceInfoFromCaps (/Users/pravinkumar_v/Documents/WebdriverIO-appium/node_modules/appium-uiautomator2-driver/node_modules/appium-android-driver/lib/helpers/android.ts:403:31)
[38;5;16m[AppiumDriver@0484][0m     at AndroidUiautomator2Driver.startUiAutomator2Session (/Users/pravinkumar_v/Documents/WebdriverIO-appium/node_modules/appium-uiautomator2-driver/lib/driver.ts:424:28)
[38;5;16m[AppiumDriver@0484][0m     at AndroidUiautomator2Driver.createSession (/Users/pravinkumar_v/Documents/WebdriverIO-appium/node_modules/appium-uiautomator2-driver/lib/driver.ts:298:22)
[38;5;16m[AppiumDriver@0484][0m     at AppiumDriver.createSession (/Users/pravinkumar_v/Documents/WebdriverIO-appium/node_modules/appium/lib/appium.js:375:35)
[38;5;0m[HTTP][0m [37m<-- POST /session [39m[31m500[39m [90m36038 ms - 1228[39m
[38;5;0m[HTTP][0m [90m[39m
[38;5;0m[HTTP][0m [37m-->[39m [37mPOST[39m [37m/session[39m
[38;5;0m[HTTP][0m [90m{"capabilities":{"alwaysMatch":{"platformName":"Android","appium:deviceName":"Pixel 5","appium:platformVersion":"12","appium:automationName":"UIAutomator2","appium:app":"/Users/pravinkumar_v/Documents/WebdriverIO-appium/.vscode/app/android/ApiDemos-debug.apk"},"firstMatch":[{}]},"desiredCapabilities":{"platformName":"Android","appium:deviceName":"Pixel 5","appium:platformVersion":"12","appium:automationName":"UIAutomator2","appium:app":"/Users/pravinkumar_v/Documents/WebdriverIO-appium/.vscode/app/android/ApiDemos-debug.apk"}}[39m
[38;5;16m[AppiumDriver@0484][0m Calling AppiumDriver.createSession() with args: [{"platformName":"Android","appium:deviceName":"Pixel 5","appium:platformVersion":"12","appium:automationName":"UIAutomator2","appium:app":"/Users/pravinkumar_v/Documents/WebdriverIO-appium/.vscode/app/android/ApiDemos-debug.apk"},null,{"alwaysMatch":{"platformName":"Android","appium:deviceName":"Pixel 5","appium:platformVersion":"12","appium:automationName":"UIAutomator2","appium:app":"/Users/pravinkumar_v/Documents/WebdriverIO-appium/.vscode/app/android/ApiDemos-debug.apk"},"firstMatch":[{}]}]
[38;5;16m[AppiumDriver@0484][0m Event 'newSessionRequested' logged at 1706620853665 (18:50:53 GMT+0530 (India Standard Time))
[35m[Appium][39m Attempting to find matching driver for automationName 'UIAutomator2' and platformName 'Android'
[35m[Appium][39m The 'uiautomator2' driver was installed and matched caps.
[35m[Appium][39m Will require it at /Users/pravinkumar_v/Documents/WebdriverIO-appium/node_modules/appium-uiautomator2-driver
[35m[Appium][39m Requiring driver at /Users/pravinkumar_v/Documents/WebdriverIO-appium/node_modules/appium-uiautomator2-driver
[38;5;16m[AppiumDriver@0484][0m Appium v2.2.3 creating new AndroidUiautomator2Driver (v2.34.2) session
[38;5;16m[AppiumDriver@0484][0m Checking BaseDriver versions for Appium and AndroidUiautomator2Driver
[38;5;16m[AppiumDriver@0484][0m Appium's BaseDriver version is 9.4.3
[38;5;16m[AppiumDriver@0484][0m AndroidUiautomator2Driver's BaseDriver version is 9.4.2
[38;5;32m[AndroidUiautomator2Driver@cf42][0m Creating session with W3C capabilities: {
[38;5;32m[AndroidUiautomator2Driver@cf42][0m   "alwaysMatch": {
[38;5;32m[AndroidUiautomator2Driver@cf42][0m     "platformName": "Android",
[38;5;32m[AndroidUiautomator2Driver@cf42][0m     "appium:deviceName": "Pixel 5",
[38;5;32m[AndroidUiautomator2Driver@cf42][0m     "appium:platformVersion": "12",
[38;5;32m[AndroidUiautomator2Driver@cf42][0m     "appium:automationName": "UIAutomator2",
[38;5;32m[AndroidUiautomator2Driver@cf42][0m     "appium:app": "/Users/pravinkumar_v/Documents/WebdriverIO-appium/.vscode/app/android/ApiDemos-debug.apk"
[38;5;32m[AndroidUiautomator2Driver@cf42][0m   },
[38;5;32m[AndroidUiautomator2Driver@cf42][0m   "firstMatch": [
[38;5;32m[AndroidUiautomator2Driver@cf42][0m     {}
[38;5;32m[AndroidUiautomator2Driver@cf42][0m   ]
[38;5;32m[AndroidUiautomator2Driver@cf42][0m }
[38;5;32m[AndroidUiautomator2Driver@cf42 (2c9a9ed2)][0m Session created with session id: 2c9a9ed2-ed08-419b-aa09-ad0a67edad0e
[38;5;48m[BaseDriver][0m Using local app '/Users/pravinkumar_v/Documents/WebdriverIO-appium/.vscode/app/android/ApiDemos-debug.apk'
[38;5;32m[AndroidUiautomator2Driver@cf42 (2c9a9ed2)][0m Checking whether app is actually present
[38;5;64m[ADB][0m Using 'adb' from '/Users/pravinkumar_v/Library/Android/sdk/platform-tools/adb'
[38;5;64m[ADB][0m Running '/Users/pravinkumar_v/Library/Android/sdk/platform-tools/adb -P 5037 start-server'
[38;5;80m[AndroidDriver][0m Retrieving device list
[38;5;64m[ADB][0m Trying to find connected Android devices
[38;5;64m[ADB][0m Getting connected devices
[38;5;64m[ADB][0m Connected devices: [{"udid":"emulator-5554","state":"device"}]
[38;5;80m[AndroidDriver][0m Looking for a device with Android '12.0.0'
[38;5;64m[ADB][0m Setting device id to emulator-5554
[38;5;64m[ADB][0m Getting device platform version
[38;5;64m[ADB][0m Running '/Users/pravinkumar_v/Library/Android/sdk/platform-tools/adb -P 5037 -s emulator-5554 shell getprop ro.build.version.release'
[38;5;32m[AndroidUiautomator2Driver@cf42 (2c9a9ed2)][0m Deleting UiAutomator2 session
[38;5;32m[AndroidUiautomator2Driver@cf42 (2c9a9ed2)][0m Unable to stop ChromeDriver proxies: Cannot read properties of undefined (reading 'proxyReqRes')
[38;5;16m[AppiumDriver@0484][0m Event 'newSessionStarted' logged at 1706620889673 (18:51:29 GMT+0530 (India Standard Time))
[38;5;16m[AppiumDriver@0484][0m Encountered internal error running command: Error: Error getting device platform version. Original error: Error executing adbExec. Original error: 'Command '/Users/pravinkumar_v/Library/Android/sdk/platform-tools/adb -P 5037 -s emulator-5554 shell getprop ro.build.version.release' timed out after 20000ms'. Try to increase the 20000ms adb execution timeout represented by 'adbExecTimeout' capability
[38;5;16m[AppiumDriver@0484][0m     at ADB.getPlatformVersion (/Users/pravinkumar_v/Documents/WebdriverIO-appium/node_modules/appium-uiautomator2-driver/node_modules/appium-adb/lib/tools/adb-commands.js:188:11)
[38;5;16m[AppiumDriver@0484][0m     at Object.getDeviceInfoFromCaps (/Users/pravinkumar_v/Documents/WebdriverIO-appium/node_modules/appium-uiautomator2-driver/node_modules/appium-android-driver/lib/helpers/android.ts:403:31)
[38;5;16m[AppiumDriver@0484][0m     at AndroidUiautomator2Driver.startUiAutomator2Session (/Users/pravinkumar_v/Documents/WebdriverIO-appium/node_modules/appium-uiautomator2-driver/lib/driver.ts:424:28)
[38;5;16m[AppiumDriver@0484][0m     at AndroidUiautomator2Driver.createSession (/Users/pravinkumar_v/Documents/WebdriverIO-appium/node_modules/appium-uiautomator2-driver/lib/driver.ts:298:22)
[38;5;16m[AppiumDriver@0484][0m     at AppiumDriver.createSession (/Users/pravinkumar_v/Documents/WebdriverIO-appium/node_modules/appium/lib/appium.js:375:35)
[38;5;0m[HTTP][0m [37m<-- POST /session [39m[31m500[39m [90m36013 ms - 1228[39m
[38;5;0m[HTTP][0m [90m[39m
[38;5;0m[HTTP][0m [37m-->[39m [37mPOST[39m [37m/session[39m
[38;5;0m[HTTP][0m [90m{"capabilities":{"alwaysMatch":{"platformName":"Android","appium:deviceName":"Pixel 5","appium:platformVersion":"12","appium:automationName":"UIAutomator2","appium:app":"/Users/pravinkumar_v/Documents/WebdriverIO-appium/.vscode/app/android/ApiDemos-debug.apk"},"firstMatch":[{}]},"desiredCapabilities":{"platformName":"Android","appium:deviceName":"Pixel 5","appium:platformVersion":"12","appium:automationName":"UIAutomator2","appium:app":"/Users/pravinkumar_v/Documents/WebdriverIO-appium/.vscode/app/android/ApiDemos-debug.apk"}}[39m
[38;5;16m[AppiumDriver@0484][0m Calling AppiumDriver.createSession() with args: [{"platformName":"Android","appium:deviceName":"Pixel 5","appium:platformVersion":"12","appium:automationName":"UIAutomator2","appium:app":"/Users/pravinkumar_v/Documents/WebdriverIO-appium/.vscode/app/android/ApiDemos-debug.apk"},null,{"alwaysMatch":{"platformName":"Android","appium:deviceName":"Pixel 5","appium:platformVersion":"12","appium:automationName":"UIAutomator2","appium:app":"/Users/pravinkumar_v/Documents/WebdriverIO-appium/.vscode/app/android/ApiDemos-debug.apk"},"firstMatch":[{}]}]
[38;5;16m[AppiumDriver@0484][0m Event 'newSessionRequested' logged at 1706620889788 (18:51:29 GMT+0530 (India Standard Time))
[35m[Appium][39m Attempting to find matching driver for automationName 'UIAutomator2' and platformName 'Android'
[35m[Appium][39m The 'uiautomator2' driver was installed and matched caps.
[35m[Appium][39m Will require it at /Users/pravinkumar_v/Documents/WebdriverIO-appium/node_modules/appium-uiautomator2-driver
[35m[Appium][39m Requiring driver at /Users/pravinkumar_v/Documents/WebdriverIO-appium/node_modules/appium-uiautomator2-driver
[38;5;16m[AppiumDriver@0484][0m Appium v2.2.3 creating new AndroidUiautomator2Driver (v2.34.2) session
[38;5;16m[AppiumDriver@0484][0m Checking BaseDriver versions for Appium and AndroidUiautomator2Driver
[38;5;16m[AppiumDriver@0484][0m Appium's BaseDriver version is 9.4.3
[38;5;16m[AppiumDriver@0484][0m AndroidUiautomator2Driver's BaseDriver version is 9.4.2
[38;5;32m[AndroidUiautomator2Driver@62dd][0m Creating session with W3C capabilities: {
[38;5;32m[AndroidUiautomator2Driver@62dd][0m   "alwaysMatch": {
[38;5;32m[AndroidUiautomator2Driver@62dd][0m     "platformName": "Android",
[38;5;32m[AndroidUiautomator2Driver@62dd][0m     "appium:deviceName": "Pixel 5",
[38;5;32m[AndroidUiautomator2Driver@62dd][0m     "appium:platformVersion": "12",
[38;5;32m[AndroidUiautomator2Driver@62dd][0m     "appium:automationName": "UIAutomator2",
[38;5;32m[AndroidUiautomator2Driver@62dd][0m     "appium:app": "/Users/pravinkumar_v/Documents/WebdriverIO-appium/.vscode/app/android/ApiDemos-debug.apk"
[38;5;32m[AndroidUiautomator2Driver@62dd][0m   },
[38;5;32m[AndroidUiautomator2Driver@62dd][0m   "firstMatch": [
[38;5;32m[AndroidUiautomator2Driver@62dd][0m     {}
[38;5;32m[AndroidUiautomator2Driver@62dd][0m   ]
[38;5;32m[AndroidUiautomator2Driver@62dd][0m }
[38;5;32m[AndroidUiautomator2Driver@62dd (3d6a01c4)][0m Session created with session id: 3d6a01c4-8776-4508-b673-dab8374655ce
[38;5;48m[BaseDriver][0m Using local app '/Users/pravinkumar_v/Documents/WebdriverIO-appium/.vscode/app/android/ApiDemos-debug.apk'
[38;5;32m[AndroidUiautomator2Driver@62dd (3d6a01c4)][0m Checking whether app is actually present
[38;5;64m[ADB][0m Using 'adb' from '/Users/pravinkumar_v/Library/Android/sdk/platform-tools/adb'
[38;5;64m[ADB][0m Running '/Users/pravinkumar_v/Library/Android/sdk/platform-tools/adb -P 5037 start-server'
[38;5;80m[AndroidDriver][0m Retrieving device list
[38;5;64m[ADB][0m Trying to find connected Android devices
[38;5;64m[ADB][0m Getting connected devices
[38;5;64m[ADB][0m Connected devices: [{"udid":"emulator-5554","state":"device"}]
[38;5;80m[AndroidDriver][0m Looking for a device with Android '12.0.0'
[38;5;64m[ADB][0m Setting device id to emulator-5554
[38;5;64m[ADB][0m Getting device platform version
[38;5;64m[ADB][0m Running '/Users/pravinkumar_v/Library/Android/sdk/platform-tools/adb -P 5037 -s emulator-5554 shell getprop ro.build.version.release'
[38;5;32m[AndroidUiautomator2Driver@62dd (3d6a01c4)][0m Deleting UiAutomator2 session
[38;5;32m[AndroidUiautomator2Driver@62dd (3d6a01c4)][0m Unable to stop ChromeDriver proxies: Cannot read properties of undefined (reading 'proxyReqRes')
[38;5;16m[AppiumDriver@0484][0m Event 'newSessionStarted' logged at 1706620925791 (18:52:05 GMT+0530 (India Standard Time))
[38;5;16m[AppiumDriver@0484][0m Encountered internal error running command: Error: Error getting device platform version. Original error: Error executing adbExec. Original error: 'Command '/Users/pravinkumar_v/Library/Android/sdk/platform-tools/adb -P 5037 -s emulator-5554 shell getprop ro.build.version.release' timed out after 20000ms'. Try to increase the 20000ms adb execution timeout represented by 'adbExecTimeout' capability
[38;5;16m[AppiumDriver@0484][0m     at ADB.getPlatformVersion (/Users/pravinkumar_v/Documents/WebdriverIO-appium/node_modules/appium-uiautomator2-driver/node_modules/appium-adb/lib/tools/adb-commands.js:188:11)
[38;5;16m[AppiumDriver@0484][0m     at Object.getDeviceInfoFromCaps (/Users/pravinkumar_v/Documents/WebdriverIO-appium/node_modules/appium-uiautomator2-driver/node_modules/appium-android-driver/lib/helpers/android.ts:403:31)
[38;5;16m[AppiumDriver@0484][0m     at AndroidUiautomator2Driver.startUiAutomator2Session (/Users/pravinkumar_v/Documents/WebdriverIO-appium/node_modules/appium-uiautomator2-driver/lib/driver.ts:424:28)
[38;5;16m[AppiumDriver@0484][0m     at AndroidUiautomator2Driver.createSession (/Users/pravinkumar_v/Documents/WebdriverIO-appium/node_modules/appium-uiautomator2-driver/lib/driver.ts:298:22)
[38;5;16m[AppiumDriver@0484][0m     at AppiumDriver.createSession (/Users/pravinkumar_v/Documents/WebdriverIO-appium/node_modules/appium/lib/appium.js:375:35)
[38;5;0m[HTTP][0m [37m<-- POST /session [39m[31m500[39m [90m36006 ms - 1228[39m
[38;5;0m[HTTP][0m [90m[39m
[35m[Appium][39m Received SIGTERM - shutting down
[38;5;16m[AppiumDriver@0484][0m There are no active sessions for cleanup
[38;5;0m[HTTP][0m Waiting until the server is closed
[38;5;0m[HTTP][0m Received server close event
